{"/home/travis/build/npmtest/node-npmtest-xregexp/test.js":{"path":"/home/travis/build/npmtest/node-npmtest-xregexp/test.js","s":{"1":2,"2":2,"3":2,"4":2,"5":2,"6":2,"7":2,"8":1,"9":2,"10":2,"11":1,"12":1,"13":1,"14":1,"15":2,"16":2,"17":2,"18":2,"19":1,"20":1,"21":2,"22":2,"23":2,"24":1,"25":1,"26":1,"27":1,"28":1,"29":1,"30":1,"31":1,"32":1,"33":1,"34":1,"35":1,"36":1,"37":1,"38":1,"39":2,"40":2,"41":1,"42":2,"43":2,"44":1,"45":2,"46":2,"47":1,"48":2,"49":2,"50":1,"51":1,"52":1,"53":1,"54":1},"b":{"1":[2,1,1,1],"2":[1,1,1,1],"3":[1,1],"4":[1,1],"5":[1,1],"6":[1,1],"7":[1,1],"8":[1,1],"9":[1,1],"10":[1,1,1],"11":[1,1],"12":[1,1],"13":[1,1],"14":[1,1],"15":[1,1],"16":[1,1],"17":[1,1]},"f":{"1":2,"2":2,"3":2,"4":2,"5":2,"6":1,"7":1,"8":1,"9":2,"10":2,"11":2,"12":2,"13":1},"fnMap":{"1":{"name":"(anonymous_1)","line":12,"loc":{"start":{"line":12,"column":1},"end":{"line":12,"column":13}}},"2":{"name":"(anonymous_2)","line":19,"loc":{"start":{"line":19,"column":5},"end":{"line":19,"column":17}}},"3":{"name":"(anonymous_3)","line":23,"loc":{"start":{"line":23,"column":24},"end":{"line":23,"column":36}}},"4":{"name":"(anonymous_4)","line":61,"loc":{"start":{"line":61,"column":5},"end":{"line":61,"column":17}}},"5":{"name":"(anonymous_5)","line":82,"loc":{"start":{"line":82,"column":5},"end":{"line":82,"column":17}}},"6":{"name":"(anonymous_6)","line":91,"loc":{"start":{"line":91,"column":77},"end":{"line":94,"column":10}}},"7":{"name":"(anonymous_7)","line":112,"loc":{"start":{"line":112,"column":83},"end":{"line":115,"column":10}},"skip":true},"8":{"name":"(anonymous_8)","line":123,"loc":{"start":{"line":123,"column":77},"end":{"line":126,"column":10}},"skip":true},"9":{"name":"(anonymous_9)","line":139,"loc":{"start":{"line":139,"column":12},"end":{"line":139,"column":40}},"skip":true},"10":{"name":"(anonymous_10)","line":147,"loc":{"start":{"line":147,"column":77},"end":{"line":150,"column":10}},"skip":true},"11":{"name":"(anonymous_11)","line":158,"loc":{"start":{"line":158,"column":83},"end":{"line":161,"column":10}},"skip":true},"12":{"name":"(anonymous_12)","line":169,"loc":{"start":{"line":169,"column":79},"end":{"line":172,"column":10}},"skip":true},"13":{"name":"(anonymous_13)","line":180,"loc":{"start":{"line":180,"column":75},"end":{"line":183,"column":10}},"skip":true}},"statementMap":{"1":{"start":{"line":12,"column":0},"end":{"line":195,"column":5}},"2":{"start":{"line":14,"column":4},"end":{"line":14,"column":14}},"3":{"start":{"line":19,"column":4},"end":{"line":56,"column":9}},"4":{"start":{"line":21,"column":8},"end":{"line":21,"column":19}},"5":{"start":{"line":23,"column":8},"end":{"line":35,"column":13}},"6":{"start":{"line":24,"column":12},"end":{"line":34,"column":13}},"7":{"start":{"line":25,"column":16},"end":{"line":28,"column":30}},"8":{"start":{"line":30,"column":16},"end":{"line":33,"column":27}},"9":{"start":{"line":37,"column":8},"end":{"line":39,"column":21}},"10":{"start":{"line":40,"column":8},"end":{"line":53,"column":9}},"11":{"start":{"line":43,"column":12},"end":{"line":46,"column":14}},"12":{"start":{"line":47,"column":12},"end":{"line":47,"column":18}},"13":{"start":{"line":50,"column":12},"end":{"line":51,"column":33}},"14":{"start":{"line":52,"column":12},"end":{"line":52,"column":18}},"15":{"start":{"line":55,"column":8},"end":{"line":55,"column":35}},"16":{"start":{"line":61,"column":4},"end":{"line":63,"column":9}},"17":{"start":{"line":62,"column":8},"end":{"line":62,"column":15}},"18":{"start":{"line":64,"column":4},"end":{"line":77,"column":5}},"19":{"start":{"line":70,"column":8},"end":{"line":70,"column":14}},"20":{"start":{"line":76,"column":8},"end":{"line":76,"column":14}},"21":{"start":{"line":82,"column":4},"end":{"line":84,"column":9}},"22":{"start":{"line":83,"column":8},"end":{"line":83,"column":15}},"23":{"start":{"line":85,"column":4},"end":{"line":194,"column":5}},"24":{"start":{"line":91,"column":8},"end":{"line":99,"column":10}},"25":{"start":{"line":98,"column":12},"end":{"line":98,"column":35}},"26":{"start":{"line":102,"column":8},"end":{"line":104,"column":63}},"27":{"start":{"line":105,"column":8},"end":{"line":105,"column":14}},"28":{"start":{"line":112,"column":8},"end":{"line":121,"column":10},"skip":true},"29":{"start":{"line":119,"column":12},"end":{"line":119,"column":55},"skip":true},"30":{"start":{"line":120,"column":12},"end":{"line":120,"column":48},"skip":true},"31":{"start":{"line":123,"column":8},"end":{"line":136,"column":10},"skip":true},"32":{"start":{"line":130,"column":12},"end":{"line":130,"column":76},"skip":true},"33":{"start":{"line":131,"column":12},"end":{"line":131,"column":73},"skip":true},"34":{"start":{"line":132,"column":12},"end":{"line":132,"column":74},"skip":true},"35":{"start":{"line":133,"column":12},"end":{"line":133,"column":79},"skip":true},"36":{"start":{"line":134,"column":12},"end":{"line":134,"column":25},"skip":true},"37":{"start":{"line":135,"column":12},"end":{"line":135,"column":45},"skip":true},"38":{"start":{"line":138,"column":8},"end":{"line":145,"column":14},"skip":true},"39":{"start":{"line":143,"column":16},"end":{"line":143,"column":29},"skip":true},"40":{"start":{"line":144,"column":16},"end":{"line":144,"column":55},"skip":true},"41":{"start":{"line":147,"column":8},"end":{"line":156,"column":10},"skip":true},"42":{"start":{"line":154,"column":12},"end":{"line":154,"column":25},"skip":true},"43":{"start":{"line":155,"column":12},"end":{"line":155,"column":45},"skip":true},"44":{"start":{"line":158,"column":8},"end":{"line":167,"column":10},"skip":true},"45":{"start":{"line":165,"column":12},"end":{"line":165,"column":25},"skip":true},"46":{"start":{"line":166,"column":12},"end":{"line":166,"column":48},"skip":true},"47":{"start":{"line":169,"column":8},"end":{"line":178,"column":10},"skip":true},"48":{"start":{"line":176,"column":12},"end":{"line":176,"column":25},"skip":true},"49":{"start":{"line":177,"column":12},"end":{"line":177,"column":46},"skip":true},"50":{"start":{"line":180,"column":8},"end":{"line":189,"column":10},"skip":true},"51":{"start":{"line":187,"column":12},"end":{"line":187,"column":94},"skip":true},"52":{"start":{"line":188,"column":12},"end":{"line":188,"column":48},"skip":true},"53":{"start":{"line":192,"column":8},"end":{"line":192,"column":35},"skip":true},"54":{"start":{"line":193,"column":8},"end":{"line":193,"column":14},"skip":true}},"branchMap":{"1":{"line":25,"type":"binary-expr","locations":[{"start":{"line":25,"column":23},"end":{"line":25,"column":62}},{"start":{"line":26,"column":20},"end":{"line":26,"column":70}},{"start":{"line":27,"column":20},"end":{"line":27,"column":71}},{"start":{"line":28,"column":20},"end":{"line":28,"column":29}}]},"2":{"line":30,"type":"binary-expr","locations":[{"start":{"line":30,"column":23},"end":{"line":30,"column":37}},{"start":{"line":31,"column":20},"end":{"line":31,"column":61}},{"start":{"line":32,"column":20},"end":{"line":32,"column":70}},{"start":{"line":33,"column":20},"end":{"line":33,"column":26}}]},"3":{"line":37,"type":"cond-expr","locations":[{"start":{"line":38,"column":14},"end":{"line":38,"column":20}},{"start":{"line":39,"column":14},"end":{"line":39,"column":20}}]},"4":{"line":40,"type":"switch","locations":[{"start":{"line":42,"column":8},"end":{"line":47,"column":18}},{"start":{"line":49,"column":8},"end":{"line":52,"column":18}}]},"5":{"line":44,"type":"binary-expr","locations":[{"start":{"line":44,"column":16},"end":{"line":44,"column":44}},{"start":{"line":44,"column":48},"end":{"line":44,"column":66}}]},"6":{"line":50,"type":"binary-expr","locations":[{"start":{"line":50,"column":21},"end":{"line":50,"column":49}},{"start":{"line":50,"column":53},"end":{"line":50,"column":72}}]},"7":{"line":64,"type":"switch","locations":[{"start":{"line":69,"column":4},"end":{"line":70,"column":14}},{"start":{"line":75,"column":4},"end":{"line":76,"column":14}}]},"8":{"line":85,"type":"switch","locations":[{"start":{"line":90,"column":4},"end":{"line":105,"column":14}},{"start":{"line":111,"column":4},"end":{"line":193,"column":14},"skip":true}]},"9":{"line":91,"type":"binary-expr","locations":[{"start":{"line":91,"column":42},"end":{"line":91,"column":73}},{"start":{"line":91,"column":77},"end":{"line":99,"column":9}}]},"10":{"line":102,"type":"binary-expr","locations":[{"start":{"line":102,"column":18},"end":{"line":102,"column":32}},{"start":{"line":103,"column":12},"end":{"line":103,"column":53}},{"start":{"line":104,"column":12},"end":{"line":104,"column":61}}]},"11":{"line":112,"type":"binary-expr","locations":[{"start":{"line":112,"column":45},"end":{"line":112,"column":79},"skip":true},{"start":{"line":112,"column":83},"end":{"line":121,"column":9},"skip":true}]},"12":{"line":123,"type":"binary-expr","locations":[{"start":{"line":123,"column":42},"end":{"line":123,"column":73},"skip":true},{"start":{"line":123,"column":77},"end":{"line":136,"column":9},"skip":true}]},"13":{"line":138,"type":"binary-expr","locations":[{"start":{"line":138,"column":48},"end":{"line":138,"column":85},"skip":true},{"start":{"line":139,"column":12},"end":{"line":145,"column":13},"skip":true}]},"14":{"line":147,"type":"binary-expr","locations":[{"start":{"line":147,"column":42},"end":{"line":147,"column":73},"skip":true},{"start":{"line":147,"column":77},"end":{"line":156,"column":9},"skip":true}]},"15":{"line":158,"type":"binary-expr","locations":[{"start":{"line":158,"column":45},"end":{"line":158,"column":79},"skip":true},{"start":{"line":158,"column":83},"end":{"line":167,"column":9},"skip":true}]},"16":{"line":169,"type":"binary-expr","locations":[{"start":{"line":169,"column":43},"end":{"line":169,"column":75},"skip":true},{"start":{"line":169,"column":79},"end":{"line":178,"column":9},"skip":true}]},"17":{"line":180,"type":"binary-expr","locations":[{"start":{"line":180,"column":41},"end":{"line":180,"column":71},"skip":true},{"start":{"line":180,"column":75},"end":{"line":189,"column":9},"skip":true}]}},"code":["/* istanbul instrument in package npmtest_xregexp */","/*jslint","    bitwise: true,","    browser: true,","    maxerr: 8,","    maxlen: 96,","    node: true,","    nomen: true,","    regexp: true,","    stupid: true","*/","(function () {","    'use strict';","    var local;","","","","    // run shared js-env code - pre-init","    (function () {","        // init local","        local = {};","        // init modeJs","        local.modeJs = (function () {","            try {","                return typeof navigator.userAgent === 'string' &&","                    typeof document.querySelector('body') === 'object' &&","                    typeof XMLHttpRequest.prototype.open === 'function' &&","                    'browser';","            } catch (errorCaughtBrowser) {","                return module.exports &&","                    typeof process.versions.node === 'string' &&","                    typeof require('http').createServer === 'function' &&","                    'node';","            }","        }());","        // init global","        local.global = local.modeJs === 'browser'","            ? window","            : global;","        switch (local.modeJs) {","        // re-init local from window.local","        case 'browser':","            local = local.global.utility2.objectSetDefault(","                local.global.utility2_rollup || local.global.local,","                local.global.utility2","            );","            break;","        // re-init local from example.js","        case 'node':","            local = (local.global.utility2_rollup || require('utility2'))","                .requireReadme();","            break;","        }","        // export local","        local.global.local = local;","    }());","","","","    // run shared js-env code - function","    (function () {","        return;","    }());","    switch (local.modeJs) {","","","","    // run browser js-env code - function","    case 'browser':","        break;","","","","    // run node js-env code - function","    case 'node':","        break;","    }","","","","    // run shared js-env code - post-init","    (function () {","        return;","    }());","    switch (local.modeJs) {","","","","    // run browser js-env code - post-init","    case 'browser':","        local.testCase_browser_nullCase = local.testCase_browser_nullCase || function (","            options,","            onError","        ) {","        /*","         * this function will test browsers's null-case handling-behavior-behavior","         */","            onError(null, options);","        };","","        // run tests","        local.nop(local.modeTest &&","            document.querySelector('#testRunButton1') &&","            document.querySelector('#testRunButton1').click());","        break;","","","","    // run node js-env code - post-init","    /* istanbul ignore next */","    case 'node':","        local.testCase_buildApidoc_default = local.testCase_buildApidoc_default || function (","            options,","            onError","        ) {","        /*","         * this function will test buildApidoc's default handling-behavior-behavior","         */","            options = { modulePathList: module.paths };","            local.buildApidoc(options, onError);","        };","","        local.testCase_buildApp_default = local.testCase_buildApp_default || function (","            options,","            onError","        ) {","        /*","         * this function will test buildApp's default handling-behavior-behavior","         */","            local.testCase_buildReadme_default(options, local.onErrorThrow);","            local.testCase_buildLib_default(options, local.onErrorThrow);","            local.testCase_buildTest_default(options, local.onErrorThrow);","            local.testCase_buildCustomOrg_default(options, local.onErrorThrow);","            options = [];","            local.buildApp(options, onError);","        };","","        local.testCase_buildCustomOrg_default = local.testCase_buildCustomOrg_default ||","            function (options, onError) {","            /*","             * this function will test buildCustomOrg's default handling-behavior","             */","                options = {};","                local.buildCustomOrg(options, onError);","            };","","        local.testCase_buildLib_default = local.testCase_buildLib_default || function (","            options,","            onError","        ) {","        /*","         * this function will test buildLib's default handling-behavior","         */","            options = {};","            local.buildLib(options, onError);","        };","","        local.testCase_buildReadme_default = local.testCase_buildReadme_default || function (","            options,","            onError","        ) {","        /*","         * this function will test buildReadme's default handling-behavior-behavior","         */","            options = {};","            local.buildReadme(options, onError);","        };","","        local.testCase_buildTest_default = local.testCase_buildTest_default || function (","            options,","            onError","        ) {","        /*","         * this function will test buildTest's default handling-behavior","         */","            options = {};","            local.buildTest(options, onError);","        };","","        local.testCase_webpage_default = local.testCase_webpage_default || function (","            options,","            onError","        ) {","        /*","         * this function will test webpage's default handling-behavior","         */","            options = { modeCoverageMerge: true, url: local.serverLocalHost + '?modeTest=1' };","            local.browserTest(options, onError);","        };","","        // run test-server","        local.testRunServer(local);","        break;","    }","}());",""],"l":{"12":2,"14":2,"19":2,"21":2,"23":2,"24":2,"25":2,"30":1,"37":2,"40":2,"43":1,"47":1,"50":1,"52":1,"55":2,"61":2,"62":2,"64":2,"70":1,"76":1,"82":2,"83":2,"85":2,"91":1,"98":1,"102":1,"105":1,"112":1,"119":1,"120":1,"123":1,"130":1,"131":1,"132":1,"133":1,"134":1,"135":1,"138":1,"143":2,"144":2,"147":1,"154":2,"155":2,"158":1,"165":2,"166":2,"169":1,"176":2,"177":2,"180":1,"187":1,"188":1,"192":1,"193":1}},"/home/travis/build/npmtest/node-npmtest-xregexp/lib.npmtest_xregexp.js":{"path":"/home/travis/build/npmtest/node-npmtest-xregexp/lib.npmtest_xregexp.js","s":{"1":2,"2":2,"3":2,"4":2,"5":2,"6":2,"7":2,"8":1,"9":2,"10":2,"11":2,"12":2,"13":1,"14":1,"15":1,"16":1},"b":{"1":[2,1,1,1],"2":[1,1,1,1],"3":[1,1],"4":[2,2],"5":[1,1]},"f":{"1":2,"2":2,"3":2},"fnMap":{"1":{"name":"(anonymous_1)","line":12,"loc":{"start":{"line":12,"column":1},"end":{"line":12,"column":13}}},"2":{"name":"(anonymous_2)","line":19,"loc":{"start":{"line":19,"column":5},"end":{"line":19,"column":17}}},"3":{"name":"(anonymous_3)","line":23,"loc":{"start":{"line":23,"column":24},"end":{"line":23,"column":36}}}},"statementMap":{"1":{"start":{"line":12,"column":0},"end":{"line":53,"column":5}},"2":{"start":{"line":14,"column":4},"end":{"line":14,"column":14}},"3":{"start":{"line":19,"column":4},"end":{"line":52,"column":9}},"4":{"start":{"line":21,"column":8},"end":{"line":21,"column":19}},"5":{"start":{"line":23,"column":8},"end":{"line":35,"column":13}},"6":{"start":{"line":24,"column":12},"end":{"line":34,"column":13}},"7":{"start":{"line":25,"column":16},"end":{"line":28,"column":30}},"8":{"start":{"line":30,"column":16},"end":{"line":33,"column":27}},"9":{"start":{"line":37,"column":8},"end":{"line":39,"column":21}},"10":{"start":{"line":41,"column":8},"end":{"line":41,"column":54}},"11":{"start":{"line":43,"column":8},"end":{"line":43,"column":52}},"12":{"start":{"line":45,"column":8},"end":{"line":51,"column":9}},"13":{"start":{"line":46,"column":12},"end":{"line":46,"column":58}},"14":{"start":{"line":48,"column":12},"end":{"line":48,"column":35}},"15":{"start":{"line":49,"column":12},"end":{"line":49,"column":49}},"16":{"start":{"line":50,"column":12},"end":{"line":50,"column":43}}},"branchMap":{"1":{"line":25,"type":"binary-expr","locations":[{"start":{"line":25,"column":23},"end":{"line":25,"column":62}},{"start":{"line":26,"column":20},"end":{"line":26,"column":70}},{"start":{"line":27,"column":20},"end":{"line":27,"column":71}},{"start":{"line":28,"column":20},"end":{"line":28,"column":29}}]},"2":{"line":30,"type":"binary-expr","locations":[{"start":{"line":30,"column":23},"end":{"line":30,"column":37}},{"start":{"line":31,"column":20},"end":{"line":31,"column":61}},{"start":{"line":32,"column":20},"end":{"line":32,"column":70}},{"start":{"line":33,"column":20},"end":{"line":33,"column":26}}]},"3":{"line":37,"type":"cond-expr","locations":[{"start":{"line":38,"column":14},"end":{"line":38,"column":20}},{"start":{"line":39,"column":14},"end":{"line":39,"column":20}}]},"4":{"line":41,"type":"binary-expr","locations":[{"start":{"line":41,"column":16},"end":{"line":41,"column":44}},{"start":{"line":41,"column":48},"end":{"line":41,"column":53}}]},"5":{"line":45,"type":"if","locations":[{"start":{"line":45,"column":8},"end":{"line":45,"column":8}},{"start":{"line":45,"column":8},"end":{"line":45,"column":8}}]}},"code":["/* istanbul instrument in package npmtest_xregexp */","/*jslint","    bitwise: true,","    browser: true,","    maxerr: 8,","    maxlen: 96,","    node: true,","    nomen: true,","    regexp: true,","    stupid: true","*/","(function () {","    'use strict';","    var local;","","","","    // run shared js-env code - pre-init","    (function () {","        // init local","        local = {};","        // init modeJs","        local.modeJs = (function () {","            try {","                return typeof navigator.userAgent === 'string' &&","                    typeof document.querySelector('body') === 'object' &&","                    typeof XMLHttpRequest.prototype.open === 'function' &&","                    'browser';","            } catch (errorCaughtBrowser) {","                return module.exports &&","                    typeof process.versions.node === 'string' &&","                    typeof require('http').createServer === 'function' &&","                    'node';","            }","        }());","        // init global","        local.global = local.modeJs === 'browser'","            ? window","            : global;","        // init utility2_rollup","        local = local.global.utility2_rollup || local;","        // init lib","        local.local = local.npmtest_xregexp = local;","        // init exports","        if (local.modeJs === 'browser') {","            local.global.utility2_npmtest_xregexp = local;","        } else {","            module.exports = local;","            module.exports.__dirname = __dirname;","            module.exports.module = module;","        }","    }());","}());",""],"l":{"12":2,"14":2,"19":2,"21":2,"23":2,"24":2,"25":2,"30":1,"37":2,"41":2,"43":2,"45":2,"46":1,"48":1,"49":1,"50":1}},"/home/travis/build/npmtest/node-npmtest-xregexp/example.js":{"path":"/home/travis/build/npmtest/node-npmtest-xregexp/example.js","s":{"1":2,"2":2,"3":2,"4":2,"5":2,"6":2,"7":2,"8":1,"9":2,"10":2,"11":2,"12":2,"13":1,"14":2,"15":2,"16":2,"17":2,"18":2,"19":0,"20":2,"21":1,"22":1,"23":1,"24":1,"25":1,"26":0,"27":0,"28":1,"29":1,"30":2,"31":0,"32":0,"33":0,"34":1,"35":2,"36":2,"37":3,"38":3,"39":3,"40":3,"41":0,"42":3,"43":3,"44":3,"45":1,"46":3,"47":1,"48":1,"49":1,"50":1,"51":1,"52":1,"53":1,"54":1,"55":1,"56":1,"57":0,"58":1,"59":6,"60":6,"61":1,"62":2,"63":0,"64":2,"65":1,"66":1,"67":0,"68":0,"69":0,"70":0,"71":0,"72":0,"73":0,"74":0,"75":0,"76":0,"77":0,"78":0,"79":0,"80":0,"81":0,"82":0,"83":0},"b":{"1":[2,1,1,1],"2":[1,1,1,1],"3":[1,1],"4":[2,2],"5":[1,1],"6":[1,1],"7":[2,0],"8":[2,1,1,1,1,1],"9":[0,2,0],"10":[1,1],"11":[2,1,1],"12":[1,0],"13":[0,2],"14":[2,0,0,0,0,0,0],"15":[0,3],"16":[3,0],"17":[1,1],"18":[0,1],"19":[1,2,0,2],"20":[1,0],"21":[1,1],"22":[0,0],"23":[0,0],"24":[0,0],"25":[0,0],"26":[0,0],"27":[0,0],"28":[0,0]},"f":{"1":2,"2":2,"3":2,"4":2,"5":2,"6":2,"7":3,"8":3,"9":3,"10":1,"11":6,"12":0},"fnMap":{"1":{"name":"(anonymous_1)","line":26,"loc":{"start":{"line":26,"column":1},"end":{"line":26,"column":13}}},"2":{"name":"(anonymous_2)","line":33,"loc":{"start":{"line":33,"column":5},"end":{"line":33,"column":17}}},"3":{"name":"(anonymous_3)","line":37,"loc":{"start":{"line":37,"column":24},"end":{"line":37,"column":36}}},"4":{"name":"(anonymous_4)","line":69,"loc":{"start":{"line":69,"column":31},"end":{"line":69,"column":48}},"skip":true},"5":{"name":"(anonymous_5)","line":78,"loc":{"start":{"line":78,"column":26},"end":{"line":78,"column":45}},"skip":true},"6":{"name":"(anonymous_6)","line":123,"loc":{"start":{"line":123,"column":33},"end":{"line":123,"column":48}},"skip":true},"7":{"name":"(anonymous_7)","line":125,"loc":{"start":{"line":125,"column":27},"end":{"line":125,"column":39}},"skip":true},"8":{"name":"(anonymous_8)","line":133,"loc":{"start":{"line":133,"column":59},"end":{"line":133,"column":74}},"skip":true},"9":{"name":"(anonymous_9)","line":143,"loc":{"start":{"line":143,"column":45},"end":{"line":143,"column":62}},"skip":true},"10":{"name":"(anonymous_10)","line":144,"loc":{"start":{"line":144,"column":73},"end":{"line":144,"column":92}},"skip":true},"11":{"name":"(anonymous_11)","line":272,"loc":{"start":{"line":272,"column":51},"end":{"line":272,"column":77}},"skip":true},"12":{"name":"(anonymous_12)","line":315,"loc":{"start":{"line":315,"column":32},"end":{"line":315,"column":61}},"skip":true}},"statementMap":{"1":{"start":{"line":26,"column":0},"end":{"line":326,"column":5}},"2":{"start":{"line":28,"column":4},"end":{"line":28,"column":14}},"3":{"start":{"line":33,"column":4},"end":{"line":60,"column":9}},"4":{"start":{"line":35,"column":8},"end":{"line":35,"column":19}},"5":{"start":{"line":37,"column":8},"end":{"line":49,"column":13}},"6":{"start":{"line":38,"column":12},"end":{"line":48,"column":13}},"7":{"start":{"line":39,"column":16},"end":{"line":42,"column":30}},"8":{"start":{"line":44,"column":16},"end":{"line":47,"column":27}},"9":{"start":{"line":51,"column":8},"end":{"line":53,"column":21}},"10":{"start":{"line":55,"column":8},"end":{"line":57,"column":45}},"11":{"start":{"line":59,"column":8},"end":{"line":59,"column":35}},"12":{"start":{"line":61,"column":4},"end":{"line":325,"column":5}},"13":{"start":{"line":69,"column":8},"end":{"line":121,"column":10},"skip":true},"14":{"start":{"line":70,"column":12},"end":{"line":88,"column":13},"skip":true},"15":{"start":{"line":76,"column":16},"end":{"line":87,"column":19},"skip":true},"16":{"start":{"line":79,"column":20},"end":{"line":86,"column":21},"skip":true},"17":{"start":{"line":82,"column":24},"end":{"line":82,"column":43},"skip":true},"18":{"start":{"line":83,"column":24},"end":{"line":83,"column":30},"skip":true},"19":{"start":{"line":85,"column":24},"end":{"line":85,"column":49},"skip":true},"20":{"start":{"line":89,"column":12},"end":{"line":107,"column":13},"skip":true},"21":{"start":{"line":92,"column":16},"end":{"line":102,"column":17},"skip":true},"22":{"start":{"line":93,"column":20},"end":{"line":93,"column":86},"skip":true},"23":{"start":{"line":94,"column":20},"end":{"line":95,"column":45},"skip":true},"24":{"start":{"line":96,"column":20},"end":{"line":96,"column":42},"skip":true},"25":{"start":{"line":97,"column":20},"end":{"line":97,"column":48},"skip":true},"26":{"start":{"line":100,"column":20},"end":{"line":100,"column":85},"skip":true},"27":{"start":{"line":101,"column":20},"end":{"line":101,"column":96},"skip":true},"28":{"start":{"line":103,"column":16},"end":{"line":103,"column":22},"skip":true},"29":{"start":{"line":106,"column":16},"end":{"line":106,"column":22},"skip":true},"30":{"start":{"line":108,"column":12},"end":{"line":120,"column":13},"skip":true},"31":{"start":{"line":114,"column":16},"end":{"line":119,"column":17},"skip":true},"32":{"start":{"line":116,"column":20},"end":{"line":116,"column":78},"skip":true},"33":{"start":{"line":118,"column":20},"end":{"line":118,"column":47},"skip":true},"34":{"start":{"line":123,"column":8},"end":{"line":141,"column":11},"skip":true},"35":{"start":{"line":124,"column":12},"end":{"line":124,"column":54},"skip":true},"36":{"start":{"line":125,"column":12},"end":{"line":140,"column":14},"skip":true},"37":{"start":{"line":126,"column":16},"end":{"line":126,"column":28},"skip":true},"38":{"start":{"line":127,"column":16},"end":{"line":127,"column":69},"skip":true},"39":{"start":{"line":128,"column":16},"end":{"line":128,"column":75},"skip":true},"40":{"start":{"line":129,"column":16},"end":{"line":131,"column":17},"skip":true},"41":{"start":{"line":130,"column":20},"end":{"line":130,"column":27},"skip":true},"42":{"start":{"line":133,"column":16},"end":{"line":137,"column":36},"skip":true},"43":{"start":{"line":134,"column":20},"end":{"line":136,"column":55},"skip":true},"44":{"start":{"line":139,"column":16},"end":{"line":139,"column":57},"skip":true},"45":{"start":{"line":143,"column":8},"end":{"line":147,"column":11},"skip":true},"46":{"start":{"line":144,"column":12},"end":{"line":146,"column":15},"skip":true},"47":{"start":{"line":145,"column":16},"end":{"line":145,"column":70},"skip":true},"48":{"start":{"line":149,"column":8},"end":{"line":149,"column":31},"skip":true},"49":{"start":{"line":150,"column":8},"end":{"line":150,"column":14},"skip":true},"50":{"start":{"line":158,"column":8},"end":{"line":158,"column":31},"skip":true},"51":{"start":{"line":160,"column":8},"end":{"line":160,"column":33},"skip":true},"52":{"start":{"line":161,"column":8},"end":{"line":161,"column":37},"skip":true},"53":{"start":{"line":162,"column":8},"end":{"line":162,"column":35},"skip":true},"54":{"start":{"line":164,"column":8},"end":{"line":164,"column":50},"skip":true},"55":{"start":{"line":166,"column":8},"end":{"line":256,"column":2},"skip":true},"56":{"start":{"line":258,"column":8},"end":{"line":286,"column":9},"skip":true},"57":{"start":{"line":259,"column":12},"end":{"line":269,"column":14},"skip":true},"58":{"start":{"line":271,"column":12},"end":{"line":285,"column":19},"skip":true},"59":{"start":{"line":274,"column":20},"end":{"line":274,"column":35},"skip":true},"60":{"start":{"line":275,"column":20},"end":{"line":284,"column":21},"skip":true},"61":{"start":{"line":277,"column":24},"end":{"line":277,"column":64},"skip":true},"62":{"start":{"line":279,"column":24},"end":{"line":279,"column":40},"skip":true},"63":{"start":{"line":281,"column":24},"end":{"line":281,"column":40},"skip":true},"64":{"start":{"line":283,"column":24},"end":{"line":283,"column":39},"skip":true},"65":{"start":{"line":288,"column":8},"end":{"line":290,"column":9},"skip":true},"66":{"start":{"line":289,"column":12},"end":{"line":289,"column":18},"skip":true},"67":{"start":{"line":291,"column":8},"end":{"line":293,"column":54},"skip":true},"68":{"start":{"line":296,"column":8},"end":{"line":301,"column":37},"skip":true},"69":{"start":{"line":303,"column":8},"end":{"line":303,"column":82},"skip":true},"70":{"start":{"line":306,"column":8},"end":{"line":308,"column":9},"skip":true},"71":{"start":{"line":307,"column":12},"end":{"line":307,"column":82},"skip":true},"72":{"start":{"line":310,"column":8},"end":{"line":312,"column":9},"skip":true},"73":{"start":{"line":311,"column":12},"end":{"line":311,"column":18},"skip":true},"74":{"start":{"line":313,"column":8},"end":{"line":313,"column":54},"skip":true},"75":{"start":{"line":314,"column":8},"end":{"line":314,"column":69},"skip":true},"76":{"start":{"line":315,"column":8},"end":{"line":323,"column":36},"skip":true},"77":{"start":{"line":316,"column":12},"end":{"line":316,"column":61},"skip":true},"78":{"start":{"line":317,"column":12},"end":{"line":320,"column":13},"skip":true},"79":{"start":{"line":318,"column":16},"end":{"line":318,"column":75},"skip":true},"80":{"start":{"line":319,"column":16},"end":{"line":319,"column":23},"skip":true},"81":{"start":{"line":321,"column":12},"end":{"line":321,"column":38},"skip":true},"82":{"start":{"line":322,"column":12},"end":{"line":322,"column":27},"skip":true},"83":{"start":{"line":324,"column":8},"end":{"line":324,"column":14},"skip":true}},"branchMap":{"1":{"line":39,"type":"binary-expr","locations":[{"start":{"line":39,"column":23},"end":{"line":39,"column":62}},{"start":{"line":40,"column":20},"end":{"line":40,"column":70}},{"start":{"line":41,"column":20},"end":{"line":41,"column":71}},{"start":{"line":42,"column":20},"end":{"line":42,"column":29}}]},"2":{"line":44,"type":"binary-expr","locations":[{"start":{"line":44,"column":23},"end":{"line":44,"column":37}},{"start":{"line":45,"column":20},"end":{"line":45,"column":61}},{"start":{"line":46,"column":20},"end":{"line":46,"column":70}},{"start":{"line":47,"column":20},"end":{"line":47,"column":26}}]},"3":{"line":51,"type":"cond-expr","locations":[{"start":{"line":52,"column":14},"end":{"line":52,"column":20}},{"start":{"line":53,"column":14},"end":{"line":53,"column":20}}]},"4":{"line":55,"type":"binary-expr","locations":[{"start":{"line":55,"column":16},"end":{"line":55,"column":44}},{"start":{"line":55,"column":49},"end":{"line":57,"column":43}}]},"5":{"line":55,"type":"cond-expr","locations":[{"start":{"line":56,"column":14},"end":{"line":56,"column":51}},{"start":{"line":57,"column":14},"end":{"line":57,"column":43}}]},"6":{"line":61,"type":"switch","locations":[{"start":{"line":68,"column":4},"end":{"line":150,"column":14},"skip":true},{"start":{"line":156,"column":4},"end":{"line":324,"column":14},"skip":true}]},"7":{"line":70,"type":"if","locations":[{"start":{"line":70,"column":12},"end":{"line":70,"column":12},"skip":true},{"start":{"line":70,"column":12},"end":{"line":70,"column":12},"skip":true}]},"8":{"line":70,"type":"binary-expr","locations":[{"start":{"line":70,"column":16},"end":{"line":70,"column":22},"skip":true},{"start":{"line":70,"column":27},"end":{"line":70,"column":32},"skip":true},{"start":{"line":71,"column":20},"end":{"line":71,"column":39},"skip":true},{"start":{"line":72,"column":20},"end":{"line":72,"column":49},"skip":true},{"start":{"line":73,"column":20},"end":{"line":73,"column":58},"skip":true},{"start":{"line":74,"column":20},"end":{"line":74,"column":69},"skip":true}]},"9":{"line":79,"type":"switch","locations":[{"start":{"line":80,"column":20},"end":{"line":80,"column":33},"skip":true},{"start":{"line":81,"column":20},"end":{"line":83,"column":30},"skip":true},{"start":{"line":84,"column":20},"end":{"line":85,"column":49},"skip":true}]},"10":{"line":89,"type":"switch","locations":[{"start":{"line":90,"column":12},"end":{"line":103,"column":22},"skip":true},{"start":{"line":105,"column":12},"end":{"line":106,"column":22},"skip":true}]},"11":{"line":89,"type":"binary-expr","locations":[{"start":{"line":89,"column":20},"end":{"line":89,"column":25},"skip":true},{"start":{"line":89,"column":29},"end":{"line":89,"column":48},"skip":true},{"start":{"line":89,"column":52},"end":{"line":89,"column":74},"skip":true}]},"12":{"line":92,"type":"if","locations":[{"start":{"line":92,"column":16},"end":{"line":92,"column":16},"skip":true},{"start":{"line":92,"column":16},"end":{"line":92,"column":16},"skip":true}]},"13":{"line":108,"type":"if","locations":[{"start":{"line":108,"column":12},"end":{"line":108,"column":12},"skip":true},{"start":{"line":108,"column":12},"end":{"line":108,"column":12},"skip":true}]},"14":{"line":108,"type":"binary-expr","locations":[{"start":{"line":108,"column":16},"end":{"line":108,"column":61},"skip":true},{"start":{"line":108,"column":66},"end":{"line":108,"column":72},"skip":true},{"start":{"line":108,"column":77},"end":{"line":108,"column":82},"skip":true},{"start":{"line":109,"column":20},"end":{"line":109,"column":39},"skip":true},{"start":{"line":110,"column":20},"end":{"line":110,"column":49},"skip":true},{"start":{"line":111,"column":20},"end":{"line":111,"column":58},"skip":true},{"start":{"line":112,"column":20},"end":{"line":112,"column":68},"skip":true}]},"15":{"line":129,"type":"if","locations":[{"start":{"line":129,"column":16},"end":{"line":129,"column":16},"skip":true},{"start":{"line":129,"column":16},"end":{"line":129,"column":16},"skip":true}]},"16":{"line":134,"type":"cond-expr","locations":[{"start":{"line":135,"column":26},"end":{"line":135,"column":29},"skip":true},{"start":{"line":136,"column":26},"end":{"line":136,"column":54},"skip":true}]},"17":{"line":164,"type":"binary-expr","locations":[{"start":{"line":164,"column":27},"end":{"line":164,"column":43},"skip":true},{"start":{"line":164,"column":47},"end":{"line":164,"column":49},"skip":true}]},"18":{"line":258,"type":"if","locations":[{"start":{"line":258,"column":8},"end":{"line":258,"column":8},"skip":true},{"start":{"line":258,"column":8},"end":{"line":258,"column":8},"skip":true}]},"19":{"line":275,"type":"switch","locations":[{"start":{"line":276,"column":20},"end":{"line":277,"column":64},"skip":true},{"start":{"line":278,"column":20},"end":{"line":279,"column":40},"skip":true},{"start":{"line":280,"column":20},"end":{"line":281,"column":40},"skip":true},{"start":{"line":282,"column":20},"end":{"line":283,"column":39},"skip":true}]},"20":{"line":288,"type":"if","locations":[{"start":{"line":288,"column":8},"end":{"line":288,"column":8},"skip":true},{"start":{"line":288,"column":8},"end":{"line":288,"column":8},"skip":true}]},"21":{"line":288,"type":"binary-expr","locations":[{"start":{"line":288,"column":12},"end":{"line":288,"column":40},"skip":true},{"start":{"line":288,"column":44},"end":{"line":288,"column":67},"skip":true}]},"22":{"line":292,"type":"binary-expr","locations":[{"start":{"line":292,"column":12},"end":{"line":292,"column":50},"skip":true},{"start":{"line":293,"column":12},"end":{"line":293,"column":53},"skip":true}]},"23":{"line":297,"type":"binary-expr","locations":[{"start":{"line":297,"column":12},"end":{"line":297,"column":65},"skip":true},{"start":{"line":298,"column":12},"end":{"line":301,"column":36},"skip":true}]},"24":{"line":303,"type":"binary-expr","locations":[{"start":{"line":303,"column":43},"end":{"line":303,"column":75},"skip":true},{"start":{"line":303,"column":79},"end":{"line":303,"column":81},"skip":true}]},"25":{"line":306,"type":"if","locations":[{"start":{"line":306,"column":8},"end":{"line":306,"column":8},"skip":true},{"start":{"line":306,"column":8},"end":{"line":306,"column":8},"skip":true}]},"26":{"line":310,"type":"if","locations":[{"start":{"line":310,"column":8},"end":{"line":310,"column":8},"skip":true},{"start":{"line":310,"column":8},"end":{"line":310,"column":8},"skip":true}]},"27":{"line":313,"type":"binary-expr","locations":[{"start":{"line":313,"column":27},"end":{"line":313,"column":43},"skip":true},{"start":{"line":313,"column":47},"end":{"line":313,"column":53},"skip":true}]},"28":{"line":317,"type":"if","locations":[{"start":{"line":317,"column":12},"end":{"line":317,"column":12},"skip":true},{"start":{"line":317,"column":12},"end":{"line":317,"column":12},"skip":true}]}},"code":["/*","example.js","","quickstart example","","instruction","    1. save this script as example.js","    2. run the shell command:","        $ npm install npmtest-xregexp && PORT=8081 node example.js","    3. play with the browser-demo on http://127.0.0.1:8081","*/","","","","/* istanbul instrument in package npmtest_xregexp */","/*jslint","    bitwise: true,","    browser: true,","    maxerr: 8,","    maxlen: 96,","    node: true,","    nomen: true,","    regexp: true,","    stupid: true","*/","(function () {","    'use strict';","    var local;","","","","    // run shared js-env code - pre-init","    (function () {","        // init local","        local = {};","        // init modeJs","        local.modeJs = (function () {","            try {","                return typeof navigator.userAgent === 'string' &&","                    typeof document.querySelector('body') === 'object' &&","                    typeof XMLHttpRequest.prototype.open === 'function' &&","                    'browser';","            } catch (errorCaughtBrowser) {","                return module.exports &&","                    typeof process.versions.node === 'string' &&","                    typeof require('http').createServer === 'function' &&","                    'node';","            }","        }());","        // init global","        local.global = local.modeJs === 'browser'","            ? window","            : global;","        // init utility2_rollup","        local = local.global.utility2_rollup || (local.modeJs === 'browser'","            ? local.global.utility2_npmtest_xregexp","            : global.utility2_moduleExports);","        // export local","        local.global.local = local;","    }());","    switch (local.modeJs) {","","","","    // post-init","    // run browser js-env code - post-init","    /* istanbul ignore next */","    case 'browser':","        local.testRunBrowser = function (event) {","            if (!event || (event &&","                    event.currentTarget &&","                    event.currentTarget.className &&","                    event.currentTarget.className.includes &&","                    event.currentTarget.className.includes('onreset'))) {","                // reset output","                Array.from(","                    document.querySelectorAll('body > .resettable')","                ).forEach(function (element) {","                    switch (element.tagName) {","                    case 'INPUT':","                    case 'TEXTAREA':","                        element.value = '';","                        break;","                    default:","                        element.textContent = '';","                    }","                });","            }","            switch (event && event.currentTarget && event.currentTarget.id) {","            case 'testRunButton1':","                // show tests","                if (document.querySelector('#testReportDiv1').style.display === 'none') {","                    document.querySelector('#testReportDiv1').style.display = 'block';","                    document.querySelector('#testRunButton1').textContent =","                        'hide internal test';","                    local.modeTest = true;","                    local.testRunDefault(local);","                // hide tests","                } else {","                    document.querySelector('#testReportDiv1').style.display = 'none';","                    document.querySelector('#testRunButton1').textContent = 'run internal test';","                }","                break;","            // custom-case","            default:","                break;","            }","            if (document.querySelector('#inputTextareaEval1') && (!event || (event &&","                    event.currentTarget &&","                    event.currentTarget.className &&","                    event.currentTarget.className.includes &&","                    event.currentTarget.className.includes('oneval')))) {","                // try to eval input-code","                try {","                    /*jslint evil: true*/","                    eval(document.querySelector('#inputTextareaEval1').value);","                } catch (errorCaught) {","                    console.error(errorCaught);","                }","            }","        };","        // log stderr and stdout to #outputTextareaStdout1","        ['error', 'log'].forEach(function (key) {","            console[key + '_original'] = console[key];","            console[key] = function () {","                var element;","                console[key + '_original'].apply(console, arguments);","                element = document.querySelector('#outputTextareaStdout1');","                if (!element) {","                    return;","                }","                // append text to #outputTextareaStdout1","                element.value += Array.from(arguments).map(function (arg) {","                    return typeof arg === 'string'","                        ? arg","                        : JSON.stringify(arg, null, 4);","                }).join(' ') + '\\n';","                // scroll textarea to bottom","                element.scrollTop = element.scrollHeight;","            };","        });","        // init event-handling","        ['change', 'click', 'keyup'].forEach(function (event) {","            Array.from(document.querySelectorAll('.on' + event)).forEach(function (element) {","                element.addEventListener(event, local.testRunBrowser);","            });","        });","        // run tests","        local.testRunBrowser();","        break;","","","","    // run node js-env code - post-init","    /* istanbul ignore next */","    case 'node':","        // export local","        module.exports = local;","        // require modules","        local.fs = require('fs');","        local.http = require('http');","        local.url = require('url');","        // init assets","        local.assetsDict = local.assetsDict || {};","        /* jslint-ignore-begin */","        local.assetsDict['/assets.index.template.html'] = '\\","<!doctype html>\\n\\","<html lang=\"en\">\\n\\","<head>\\n\\","<meta charset=\"UTF-8\">\\n\\","<meta name=\"viewport\" content=\"width=device-width, initial-scale=1\">\\n\\","<title>{{env.npm_package_name}} (v{{env.npm_package_version}})</title>\\n\\","<style>\\n\\","/*csslint\\n\\","    box-sizing: false,\\n\\","    universal-selector: false\\n\\","*/\\n\\","* {\\n\\","    box-sizing: border-box;\\n\\","}\\n\\","body {\\n\\","    background: #dde;\\n\\","    font-family: Arial, Helvetica, sans-serif;\\n\\","    margin: 2rem;\\n\\","}\\n\\","body > * {\\n\\","    margin-bottom: 1rem;\\n\\","}\\n\\",".utility2FooterDiv {\\n\\","    margin-top: 20px;\\n\\","    text-align: center;\\n\\","}\\n\\","</style>\\n\\","<style>\\n\\","/*csslint\\n\\","*/\\n\\","textarea {\\n\\","    font-family: monospace;\\n\\","    height: 10rem;\\n\\","    width: 100%;\\n\\","}\\n\\","textarea[readonly] {\\n\\","    background: #ddd;\\n\\","}\\n\\","</style>\\n\\","</head>\\n\\","<body>\\n\\","<!-- utility2-comment\\n\\","<div id=\"ajaxProgressDiv1\" style=\"background: #d00; height: 2px; left: 0; margin: 0; padding: 0; position: fixed; top: 0; transition: background 0.5s, width 1.5s; width: 25%;\"></div>\\n\\","utility2-comment -->\\n\\","<h1>\\n\\","<!-- utility2-comment\\n\\","    <a\\n\\","        {{#if env.npm_package_homepage}}\\n\\","        href=\"{{env.npm_package_homepage}}\"\\n\\","        {{/if env.npm_package_homepage}}\\n\\","        target=\"_blank\"\\n\\","    >\\n\\","utility2-comment -->\\n\\","        {{env.npm_package_name}} (v{{env.npm_package_version}})\\n\\","<!-- utility2-comment\\n\\","    </a>\\n\\","utility2-comment -->\\n\\","</h1>\\n\\","<h3>{{env.npm_package_description}}</h3>\\n\\","<!-- utility2-comment\\n\\","<h4><a download href=\"assets.app.js\">download standalone app</a></h4>\\n\\","<button class=\"onclick onreset\" id=\"testRunButton1\">run internal test</button><br>\\n\\","<div id=\"testReportDiv1\" style=\"display: none;\"></div>\\n\\","utility2-comment -->\\n\\","\\n\\","\\n\\","\\n\\","<label>stderr and stdout</label>\\n\\","<textarea class=\"resettable\" id=\"outputTextareaStdout1\" readonly></textarea>\\n\\","<!-- utility2-comment\\n\\","{{#if isRollup}}\\n\\","<script src=\"assets.app.js\"></script>\\n\\","{{#unless isRollup}}\\n\\","utility2-comment -->\\n\\","<script src=\"assets.utility2.rollup.js\"></script>\\n\\","<script src=\"jsonp.utility2._stateInit?callback=window.utility2._stateInit\"></script>\\n\\","<script src=\"assets.npmtest_xregexp.rollup.js\"></script>\\n\\","<script src=\"assets.example.js\"></script>\\n\\","<script src=\"assets.test.js\"></script>\\n\\","<!-- utility2-comment\\n\\","{{/if isRollup}}\\n\\","utility2-comment -->\\n\\","<div class=\"utility2FooterDiv\">\\n\\","    [ this app was created with\\n\\","    <a href=\"https://github.com/kaizhu256/node-utility2\" target=\"_blank\">utility2</a>\\n\\","    ]\\n\\","</div>\\n\\","</body>\\n\\","</html>\\n\\","';","        /* jslint-ignore-end */","        if (local.templateRender) {","            local.assetsDict['/'] = local.templateRender(","                local.assetsDict['/assets.index.template.html'],","                {","                    env: local.objectSetDefault(local.env, {","                        npm_package_description: 'the greatest app in the world!',","                        npm_package_name: 'my-app',","                        npm_package_nameAlias: 'my_app',","                        npm_package_version: '0.0.1'","                    })","                }","            );","        } else {","            local.assetsDict['/'] = local.assetsDict['/assets.index.template.html']","                .replace((/\\{\\{env\\.(\\w+?)\\}\\}/g), function (match0, match1) {","                    // jslint-hack","                    String(match0);","                    switch (match1) {","                    case 'npm_package_description':","                        return 'the greatest app in the world!';","                    case 'npm_package_name':","                        return 'my-app';","                    case 'npm_package_nameAlias':","                        return 'my_app';","                    case 'npm_package_version':","                        return '0.0.1';","                    }","                });","        }","        // run the cli","        if (local.global.utility2_rollup || module !== require.main) {","            break;","        }","        local.assetsDict['/assets.example.js'] =","            local.assetsDict['/assets.example.js'] ||","            local.fs.readFileSync(__filename, 'utf8');","        // bug-workaround - long $npm_package_buildCustomOrg","        /* jslint-ignore-begin */","        local.assetsDict['/assets.npmtest_xregexp.rollup.js'] =","            local.assetsDict['/assets.npmtest_xregexp.rollup.js'] ||","            local.fs.readFileSync(","                local.npmtest_xregexp.__dirname + '/lib.npmtest_xregexp.js',","                'utf8'","            ).replace((/^#!/), '//');","        /* jslint-ignore-end */","        local.assetsDict['/favicon.ico'] = local.assetsDict['/favicon.ico'] || '';","        // if $npm_config_timeout_exit exists,","        // then exit this process after $npm_config_timeout_exit ms","        if (Number(process.env.npm_config_timeout_exit)) {","            setTimeout(process.exit, Number(process.env.npm_config_timeout_exit));","        }","        // start server","        if (local.global.utility2_serverHttp1) {","            break;","        }","        process.env.PORT = process.env.PORT || '8081';","        console.error('server starting on port ' + process.env.PORT);","        local.http.createServer(function (request, response) {","            request.urlParsed = local.url.parse(request.url);","            if (local.assetsDict[request.urlParsed.pathname] !== undefined) {","                response.end(local.assetsDict[request.urlParsed.pathname]);","                return;","            }","            response.statusCode = 404;","            response.end();","        }).listen(process.env.PORT);","        break;","    }","}());",""],"l":{"26":2,"28":2,"33":2,"35":2,"37":2,"38":2,"39":2,"44":1,"51":2,"55":2,"59":2,"61":2,"69":1,"70":2,"76":2,"79":2,"82":2,"83":2,"85":1,"89":2,"92":1,"93":1,"94":1,"96":1,"97":1,"100":1,"101":1,"103":1,"106":1,"108":2,"114":1,"116":1,"118":1,"123":1,"124":2,"125":2,"126":3,"127":3,"128":3,"129":3,"130":1,"133":3,"134":3,"139":3,"143":1,"144":3,"145":1,"149":1,"150":1,"158":1,"160":1,"161":1,"162":1,"164":1,"166":1,"258":1,"259":1,"271":1,"274":6,"275":6,"277":1,"279":2,"281":1,"283":2,"288":1,"289":1,"291":1,"296":1,"303":1,"306":1,"307":1,"310":1,"311":1,"313":1,"314":1,"315":1,"316":1,"317":1,"318":1,"319":1,"321":1,"322":1,"324":1}},"/home/travis/build/npmtest/node-npmtest-xregexp/node_modules/xregexp/xregexp-all.js":{"path":"/home/travis/build/npmtest/node-npmtest-xregexp/node_modules/xregexp/xregexp-all.js","s":{"1":1,"2":1,"3":1,"4":0,"5":0,"6":0,"7":0,"8":0,"9":0,"10":0,"11":0,"12":0,"13":0,"14":0,"15":1,"16":1,"17":1,"18":10,"19":9,"20":0,"21":0,"22":0,"23":0,"24":0,"25":0,"26":0,"27":9,"28":9,"29":8,"30":8,"31":10,"32":1,"33":1,"34":1,"35":1,"36":1,"37":1,"38":1,"39":1,"40":1,"41":0,"42":0,"43":0,"44":0,"45":0,"46":1,"47":0,"48":0,"49":1,"50":0,"51":0,"52":0,"53":0,"54":0,"55":0,"56":0,"57":0,"58":0,"59":0,"60":0,"61":0,"62":0,"63":0,"64":0,"65":0,"66":0,"67":0,"68":0,"69":0,"70":0,"71":0,"72":0,"73":0,"74":0,"75":0,"76":0,"77":0,"78":0,"79":0,"80":0,"81":0,"82":0,"83":0,"84":0,"85":0,"86":0,"87":0,"88":0,"89":0,"90":0,"91":0,"92":0,"93":0,"94":0,"95":0,"96":0,"97":0,"98":0,"99":0,"100":1,"101":1,"102":0,"103":1,"104":0,"105":0,"106":0,"107":0,"108":0,"109":0,"110":0,"111":0,"112":0,"113":0,"114":0,"115":0,"116":0,"117":0,"118":0,"119":0,"120":0,"121":0,"122":0,"123":0,"124":0,"125":0,"126":0,"127":0,"128":0,"129":0,"130":0,"131":0,"132":0,"133":0,"134":0,"135":0,"136":0,"137":0,"138":0,"139":0,"140":0,"141":0,"142":0,"143":0,"144":0,"145":0,"146":0,"147":0,"148":0,"149":0,"150":0,"151":0,"152":0,"153":0,"154":0,"155":0,"156":0,"157":0,"158":0,"159":0,"160":0,"161":0,"162":0,"163":0,"164":0,"165":0,"166":0,"167":0,"168":0,"169":0,"170":1,"171":1,"172":1,"173":1,"174":1,"175":1,"176":493,"177":1,"178":0,"179":0,"180":1,"181":0,"182":0,"183":0,"184":0,"185":0,"186":0,"187":0,"188":0,"189":0,"190":0,"191":0,"192":0,"193":0,"194":0,"195":1,"196":0,"197":0,"198":1,"199":0,"200":0,"201":0,"202":0,"203":0,"204":0,"205":0,"206":0,"207":0,"208":1,"209":0,"210":0,"211":1,"212":0,"213":0,"214":0,"215":0,"216":0,"217":0,"218":0,"219":0,"220":0,"221":0,"222":0,"223":0,"224":0,"225":0,"226":0,"227":0,"228":0,"229":0,"230":0,"231":0,"232":0,"233":0,"234":0,"235":0,"236":0,"237":0,"238":1,"239":4,"240":4,"241":4,"242":4,"243":456,"244":456,"245":0,"246":456,"247":0,"248":456,"249":456,"250":37,"251":4,"252":1,"253":0,"254":0,"255":1,"256":1,"257":0,"258":1,"259":1,"260":1,"261":0,"262":1,"263":1,"264":1,"265":0,"266":1,"267":1,"268":1,"269":1,"270":1,"271":0,"272":1,"273":1,"274":1,"275":1,"276":1,"277":1,"278":1,"279":1,"280":1,"281":1,"282":1,"283":1,"284":1,"285":1,"286":1,"287":1,"288":1,"289":1,"290":1,"291":1,"292":1,"293":1,"294":1,"295":1,"296":1,"297":2,"298":2,"299":2,"300":0,"301":2,"302":1,"303":1,"304":1,"305":1,"306":24,"307":24,"308":24,"309":21,"310":3,"311":3,"312":0,"313":0,"314":3,"315":3,"316":3,"317":1,"318":24,"319":1,"320":21,"321":0,"322":21,"323":21,"324":21,"325":21,"326":21,"327":21,"328":21,"329":21,"330":0,"331":21,"332":0,"333":21,"334":0,"335":21,"336":21,"337":21,"338":21,"339":21,"340":21,"341":21,"342":0,"343":0,"344":0,"345":0,"346":21,"347":21,"348":1,"349":0,"350":1,"351":0,"352":0,"353":0,"354":1,"355":21,"356":1,"357":21,"358":1,"359":0,"360":1,"361":0,"362":0,"363":0,"364":0,"365":0,"366":0,"367":1,"368":0,"369":0,"370":0,"371":0,"372":1,"373":1,"374":1,"375":0,"376":0,"377":0,"378":1,"379":3,"380":3,"381":0,"382":3,"383":0,"384":0,"385":0,"386":0,"387":3,"388":1,"389":0,"390":3,"391":1,"392":0,"393":0,"394":0,"395":0,"396":0,"397":0,"398":1,"399":4,"400":0,"401":4,"402":1,"403":131,"404":131,"405":131,"406":131,"407":131,"408":131,"409":1238,"410":1238,"411":1078,"412":160,"413":160,"414":8,"415":8,"416":131,"417":1,"418":0,"419":1,"420":0,"421":0,"422":0,"423":0,"424":0,"425":0,"426":1,"427":0,"428":0,"429":0,"430":1,"431":3,"432":0,"433":0,"434":0,"435":3,"436":3,"437":3,"438":0,"439":3,"440":3,"441":3,"442":3,"443":3,"444":3,"445":3,"446":3,"447":3,"448":3,"449":3,"450":3,"451":131,"452":131,"453":131,"454":0,"455":131,"456":8,"457":8,"458":123,"459":123,"460":123,"461":123,"462":12,"463":111,"464":12,"465":3,"466":3,"467":3,"468":1,"469":1,"470":1,"471":1,"472":1,"473":1,"474":1,"475":1,"476":11,"477":11,"478":11,"479":11,"480":2,"481":11,"482":2,"483":2,"484":2,"485":11,"486":11,"487":1,"488":0,"489":0,"490":0,"491":1,"492":15,"493":15,"494":0,"495":1,"496":0,"497":1,"498":283,"499":283,"500":283,"501":283,"502":283,"503":283,"504":283,"505":283,"506":0,"507":0,"508":0,"509":283,"510":283,"511":283,"512":283,"513":283,"514":283,"515":0,"516":283,"517":160,"518":283,"519":1,"520":0,"521":0,"522":0,"523":0,"524":0,"525":0,"526":1,"527":0,"528":1,"529":0,"530":0,"531":0,"532":0,"533":0,"534":1,"535":3,"536":1,"537":26,"538":1,"539":0,"540":0,"541":0,"542":0,"543":0,"544":0,"545":0,"546":0,"547":0,"548":0,"549":1,"550":0,"551":0,"552":0,"553":1,"554":0,"555":0,"556":0,"557":0,"558":0,"559":0,"560":0,"561":0,"562":1,"563":0,"564":0,"565":0,"566":0,"567":0,"568":0,"569":0,"570":0,"571":0,"572":0,"573":0,"574":0,"575":0,"576":0,"577":1,"578":0,"579":0,"580":0,"581":0,"582":0,"583":0,"584":1,"585":0,"586":1,"587":0,"588":1,"589":0,"590":0,"591":0,"592":0,"593":0,"594":1,"595":1,"596":1,"597":1,"598":1,"599":1,"600":1,"601":20,"602":20,"603":4,"604":4,"605":0,"606":16,"607":0,"608":20,"609":1,"610":0,"611":1,"612":1,"613":1,"614":1,"615":2,"616":2,"617":2,"618":2,"619":2,"620":0,"621":1,"622":1,"623":1,"624":283,"625":283,"626":283,"627":283,"628":283,"629":283,"630":131,"631":0,"632":0,"633":0,"634":0,"635":0,"636":0,"637":0,"638":131,"639":0,"640":0,"641":0,"642":0,"643":131,"644":0,"645":283,"646":0,"647":283,"648":1,"649":0,"650":1,"651":0,"652":0,"653":0,"654":0,"655":0,"656":0,"657":0,"658":0,"659":1,"660":0,"661":0,"662":0,"663":0,"664":0,"665":0,"666":0,"667":0,"668":0,"669":0,"670":0,"671":0,"672":0,"673":0,"674":0,"675":0,"676":0,"677":0,"678":0,"679":0,"680":0,"681":0,"682":0,"683":0,"684":0,"685":0,"686":0,"687":0,"688":0,"689":0,"690":0,"691":0,"692":0,"693":0,"694":0,"695":0,"696":0,"697":0,"698":0,"699":0,"700":0,"701":0,"702":0,"703":0,"704":0,"705":0,"706":0,"707":0,"708":0,"709":0,"710":0,"711":0,"712":1,"713":0,"714":0,"715":0,"716":0,"717":0,"718":0,"719":0,"720":0,"721":0,"722":0,"723":0,"724":0,"725":0,"726":0,"727":0,"728":0,"729":0,"730":0,"731":0,"732":0,"733":0,"734":1,"735":0,"736":0,"737":0,"738":1,"739":0,"740":0,"741":0,"742":0,"743":0,"744":0,"745":0,"746":0,"747":1,"748":0,"749":1,"750":1,"751":1,"752":0,"753":1,"754":0,"755":0,"756":0,"757":0,"758":0,"759":1,"760":0,"761":0,"762":0,"763":1,"764":0,"765":0,"766":0,"767":0,"768":0,"769":0,"770":0,"771":0,"772":0,"773":1,"774":8,"775":0,"776":8,"777":8,"778":1},"b":{"1":[1,0],"2":[1,1],"3":[0,0],"4":[0,0],"5":[0,0],"6":[0,0],"7":[0,0],"8":[9,1],"9":[0,9],"10":[0,0],"11":[0,0],"12":[0,0],"13":[0,0],"14":[8,0],"15":[1,1],"16":[0,0],"17":[0,0,0],"18":[0,0],"19":[0,0],"20":[0,0],"21":[0,0],"22":[0,0],"23":[0,0],"24":[0,0],"25":[0,0],"26":[0,0],"27":[0,0],"28":[0,0],"29":[0,0],"30":[0,0],"31":[0,0],"32":[0,0],"33":[0,0],"34":[0,0],"35":[0,0],"36":[0,0],"37":[0,0],"38":[0,0],"39":[0,0],"40":[0,0],"41":[0,0],"42":[0,0],"43":[0,0],"44":[0,0],"45":[0,0],"46":[0,0],"47":[0,0],"48":[0,0],"49":[0,0],"50":[0,0],"51":[0,0],"52":[0,0],"53":[0,0],"54":[0,0],"55":[0,0,0],"56":[0,0],"57":[0,0],"58":[0,0],"59":[0,0],"60":[0,0],"61":[0,0],"62":[0,0],"63":[0,0],"64":[0,0],"65":[0,0],"66":[0,0],"67":[0,0],"68":[0,0],"69":[0,0],"70":[0,0,0,0,0],"71":[0,0],"72":[0,0],"73":[0,0],"74":[0,0],"75":[0,0],"76":[0,0],"77":[0,0],"78":[0,0],"79":[0,0],"80":[0,0],"81":[0,0],"82":[0,0],"83":[0,0],"84":[0,0],"85":[0,0],"86":[0,0],"87":[0,0],"88":[0,0],"89":[0,0],"90":[0,0],"91":[0,0],"92":[0,0],"93":[0,0],"94":[0,0],"95":[0,0],"96":[0,0],"97":[0,0],"98":[0,0],"99":[0,0],"100":[0,0],"101":[0,0],"102":[0,0],"103":[0,456],"104":[0,456],"105":[456,455,178],"106":[37,419],"107":[0,1],"108":[0,1],"109":[0,1],"110":[0,1],"111":[21,3],"112":[3,0],"113":[1,2],"114":[0,21],"115":[21,11],"116":[21,0],"117":[0,21],"118":[0,21],"119":[0,21],"120":[21,0],"121":[21,0],"122":[21,0],"123":[0,21],"124":[0,0],"125":[0,0],"126":[0,0],"127":[21,21],"128":[0,21],"129":[0,0],"130":[0,0,0],"131":[21,0],"132":[21,10],"133":[0,0],"134":[0,0],"135":[0,3],"136":[0,0],"137":[0,1],"138":[0,0],"139":[0,4],"140":[1078,160],"141":[1238,1115,299,164,243,83],"142":[8,152],"143":[0,0],"144":[0,0],"145":[0,0],"146":[0,0],"147":[0,0],"148":[0,0],"149":[0,3],"150":[0,0],"151":[0,3],"152":[2,1],"153":[0,3],"154":[3,0],"155":[3,0],"156":[3,0],"157":[0,131],"158":[131,8],"159":[131,8],"160":[8,123],"161":[8,0],"162":[12,111],"163":[123,12],"164":[12,99],"165":[111,12],"166":[0,3],"167":[11,0],"168":[2,9],"169":[2,9],"170":[11,7],"171":[0,0],"172":[0,0],"173":[15,0],"174":[283,283],"175":[283,0,0],"176":[283,0],"177":[0,0],"178":[283,2],"179":[283,10],"180":[0,10],"181":[283,11],"182":[0,283],"183":[283,0,0],"184":[160,123],"185":[8,152],"186":[0,0],"187":[0,0],"188":[0,0],"189":[0,0],"190":[0,0],"191":[0,0,0],"192":[0,0],"193":[0,0],"194":[0,0],"195":[0,0],"196":[0,0],"197":[0,0],"198":[0,0],"199":[0,0],"200":[0,0],"201":[0,0],"202":[0,0],"203":[0,0],"204":[0,0],"205":[0,0],"206":[0,0],"207":[0,0],"208":[0,0],"209":[0,0],"210":[0,0,0],"211":[0,0],"212":[0,0],"213":[0,0],"214":[0,0],"215":[0,0],"216":[0,0],"217":[0,0],"218":[0,0],"219":[0,0],"220":[0,0],"221":[0,0],"222":[0,0],"223":[0,0],"224":[1,0],"225":[1,0],"226":[4,16],"227":[0,4],"228":[0,16],"229":[0,1],"230":[1,1],"231":[2,0],"232":[2,0,2],"233":[0,1],"234":[131,152],"235":[0,131],"236":[131,0,0],"237":[0,0],"238":[0,131],"239":[131,131],"240":[0,0],"241":[0,131],"242":[131,131,0],"243":[0,283],"244":[0,0],"245":[0,0],"246":[0,0],"247":[0,0],"248":[0,0],"249":[0,0],"250":[0,0],"251":[0,0],"252":[0,0],"253":[0,0],"254":[0,0],"255":[0,0],"256":[0,0],"257":[0,0],"258":[0,0],"259":[0,0],"260":[0,0],"261":[0,0],"262":[0,0],"263":[0,0],"264":[0,0],"265":[0,0],"266":[0,0],"267":[0,0],"268":[0,0],"269":[0,0],"270":[0,0],"271":[0,0],"272":[0,0],"273":[0,0],"274":[0,0],"275":[0,0],"276":[0,0],"277":[0,0],"278":[0,0],"279":[0,0],"280":[0,0],"281":[0,0],"282":[0,0],"283":[0,0],"284":[0,0],"285":[0,0],"286":[0,0],"287":[0,0],"288":[0,0],"289":[0,0],"290":[0,0],"291":[0,0],"292":[0,0],"293":[0,0,0],"294":[0,0],"295":[0,0],"296":[0,0],"297":[0,0],"298":[0,8]},"f":{"1":1,"2":1,"3":1,"4":10,"5":8,"6":1,"7":1,"8":0,"9":0,"10":0,"11":0,"12":0,"13":1,"14":1,"15":0,"16":0,"17":1,"18":1,"19":493,"20":0,"21":0,"22":0,"23":0,"24":0,"25":0,"26":0,"27":4,"28":0,"29":1,"30":1,"31":1,"32":1,"33":1,"34":1,"35":1,"36":1,"37":1,"38":1,"39":2,"40":24,"41":24,"42":21,"43":0,"44":0,"45":21,"46":21,"47":0,"48":0,"49":0,"50":1,"51":0,"52":3,"53":0,"54":0,"55":0,"56":4,"57":131,"58":0,"59":0,"60":0,"61":3,"62":11,"63":0,"64":15,"65":0,"66":283,"67":0,"68":0,"69":0,"70":3,"71":26,"72":0,"73":0,"74":0,"75":0,"76":0,"77":0,"78":0,"79":0,"80":0,"81":1,"82":20,"83":283,"84":0,"85":0,"86":0,"87":0,"88":0,"89":0,"90":0,"91":0,"92":0,"93":0,"94":0,"95":0,"96":0,"97":0,"98":0,"99":0,"100":8},"fnMap":{"1":{"name":"(anonymous_1)","line":1,"loc":{"start":{"line":1,"column":1},"end":{"line":1,"column":12}}},"2":{"name":"(anonymous_2)","line":1,"loc":{"start":{"line":1,"column":323},"end":{"line":1,"column":333}}},"3":{"name":"e","line":1,"loc":{"start":{"line":1,"column":368},"end":{"line":1,"column":385}}},"4":{"name":"s","line":1,"loc":{"start":{"line":1,"column":386},"end":{"line":1,"column":401}}},"5":{"name":"(anonymous_5)","line":1,"loc":{"start":{"line":1,"column":635},"end":{"line":1,"column":646}}},"6":{"name":"(anonymous_6)","line":1,"loc":{"start":{"line":1,"column":814},"end":{"line":1,"column":846}}},"7":{"name":"(anonymous_7)","line":9,"loc":{"start":{"line":9,"column":17},"end":{"line":9,"column":35}}},"8":{"name":"deanchor","line":25,"loc":{"start":{"line":25,"column":4},"end":{"line":25,"column":31}}},"9":{"name":"asXRegExp","line":52,"loc":{"start":{"line":52,"column":4},"end":{"line":52,"column":40}}},"10":{"name":"(anonymous_10)","line":90,"loc":{"start":{"line":90,"column":20},"end":{"line":90,"column":51}}},"11":{"name":"(anonymous_11)","line":129,"loc":{"start":{"line":129,"column":58},"end":{"line":129,"column":87}}},"12":{"name":"(anonymous_12)","line":150,"loc":{"start":{"line":150,"column":71},"end":{"line":150,"column":103}}},"13":{"name":"(anonymous_13)","line":196,"loc":{"start":{"line":196,"column":9},"end":{"line":196,"column":41}}},"14":{"name":"(anonymous_14)","line":203,"loc":{"start":{"line":203,"column":17},"end":{"line":203,"column":35}}},"15":{"name":"row","line":211,"loc":{"start":{"line":211,"column":4},"end":{"line":211,"column":42}}},"16":{"name":"(anonymous_16)","line":270,"loc":{"start":{"line":270,"column":29},"end":{"line":270,"column":72}}},"17":{"name":"(anonymous_17)","line":397,"loc":{"start":{"line":397,"column":9},"end":{"line":397,"column":41}}},"18":{"name":"(anonymous_18)","line":404,"loc":{"start":{"line":404,"column":17},"end":{"line":404,"column":35}}},"19":{"name":"normalize","line":434,"loc":{"start":{"line":434,"column":4},"end":{"line":434,"column":29}}},"20":{"name":"charCode","line":439,"loc":{"start":{"line":439,"column":4},"end":{"line":439,"column":27}}},"21":{"name":"invertBmp","line":447,"loc":{"start":{"line":447,"column":4},"end":{"line":447,"column":30}}},"22":{"name":"(anonymous_22)","line":454,"loc":{"start":{"line":454,"column":12},"end":{"line":454,"column":24}}},"23":{"name":"cacheInvertedBmp","line":477,"loc":{"start":{"line":477,"column":4},"end":{"line":477,"column":36}}},"24":{"name":"buildAstral","line":486,"loc":{"start":{"line":486,"column":4},"end":{"line":486,"column":42}}},"25":{"name":"cacheAstral","line":507,"loc":{"start":{"line":507,"column":4},"end":{"line":507,"column":42}}},"26":{"name":"(anonymous_26)","line":525,"loc":{"start":{"line":525,"column":8},"end":{"line":525,"column":38}}},"27":{"name":"(anonymous_27)","line":607,"loc":{"start":{"line":607,"column":29},"end":{"line":607,"column":44}}},"28":{"name":"(anonymous_28)","line":652,"loc":{"start":{"line":652,"column":34},"end":{"line":652,"column":49}}},"29":{"name":"(anonymous_29)","line":659,"loc":{"start":{"line":659,"column":9},"end":{"line":659,"column":41}}},"30":{"name":"(anonymous_30)","line":667,"loc":{"start":{"line":667,"column":17},"end":{"line":667,"column":35}}},"31":{"name":"(anonymous_31)","line":1781,"loc":{"start":{"line":1781,"column":9},"end":{"line":1781,"column":41}}},"32":{"name":"(anonymous_32)","line":1789,"loc":{"start":{"line":1789,"column":17},"end":{"line":1789,"column":35}}},"33":{"name":"(anonymous_33)","line":2019,"loc":{"start":{"line":2019,"column":9},"end":{"line":2019,"column":41}}},"34":{"name":"(anonymous_34)","line":2027,"loc":{"start":{"line":2027,"column":17},"end":{"line":2027,"column":35}}},"35":{"name":"(anonymous_35)","line":2127,"loc":{"start":{"line":2127,"column":9},"end":{"line":2127,"column":41}}},"36":{"name":"(anonymous_36)","line":2135,"loc":{"start":{"line":2135,"column":17},"end":{"line":2135,"column":35}}},"37":{"name":"(anonymous_37)","line":2715,"loc":{"start":{"line":2715,"column":9},"end":{"line":2715,"column":41}}},"38":{"name":"(anonymous_38)","line":2728,"loc":{"start":{"line":2728,"column":216},"end":{"line":2728,"column":248}}},"39":{"name":"hasNativeFlag","line":2790,"loc":{"start":{"line":2790,"column":0},"end":{"line":2790,"column":29}}},"40":{"name":"augment","line":2831,"loc":{"start":{"line":2831,"column":0},"end":{"line":2831,"column":71}}},"41":{"name":"clipDuplicates","line":2868,"loc":{"start":{"line":2868,"column":0},"end":{"line":2868,"column":29}}},"42":{"name":"copyRegex","line":2890,"loc":{"start":{"line":2890,"column":0},"end":{"line":2890,"column":35}}},"43":{"name":"dec","line":2951,"loc":{"start":{"line":2951,"column":0},"end":{"line":2951,"column":18}}},"44":{"name":"getContextualTokenSeparator","line":2966,"loc":{"start":{"line":2966,"column":0},"end":{"line":2966,"column":58}}},"45":{"name":"getNativeFlags","line":2989,"loc":{"start":{"line":2989,"column":0},"end":{"line":2989,"column":31}}},"46":{"name":"hasNamedCapture","line":3005,"loc":{"start":{"line":3005,"column":0},"end":{"line":3005,"column":32}}},"47":{"name":"hex","line":3016,"loc":{"start":{"line":3016,"column":0},"end":{"line":3016,"column":18}}},"48":{"name":"indexOf","line":3028,"loc":{"start":{"line":3028,"column":0},"end":{"line":3028,"column":31}}},"49":{"name":"isPatternNext","line":3052,"loc":{"start":{"line":3052,"column":0},"end":{"line":3052,"column":59}}},"50":{"name":"isType","line":3074,"loc":{"start":{"line":3074,"column":0},"end":{"line":3074,"column":29}}},"51":{"name":"pad4","line":3085,"loc":{"start":{"line":3085,"column":0},"end":{"line":3085,"column":19}}},"52":{"name":"prepareFlags","line":3101,"loc":{"start":{"line":3101,"column":0},"end":{"line":3101,"column":38}}},"53":{"name":"(anonymous_53)","line":3110,"loc":{"start":{"line":3110,"column":61},"end":{"line":3110,"column":78}}},"54":{"name":"prepareOptions","line":3139,"loc":{"start":{"line":3139,"column":0},"end":{"line":3139,"column":31}}},"55":{"name":"(anonymous_55)","line":3143,"loc":{"start":{"line":3143,"column":42},"end":{"line":3143,"column":58}}},"56":{"name":"registerFlag","line":3159,"loc":{"start":{"line":3159,"column":0},"end":{"line":3159,"column":28}}},"57":{"name":"runTokens","line":3179,"loc":{"start":{"line":3179,"column":0},"end":{"line":3179,"column":56}}},"58":{"name":"setAstral","line":3220,"loc":{"start":{"line":3220,"column":0},"end":{"line":3220,"column":23}}},"59":{"name":"setNatives","line":3230,"loc":{"start":{"line":3230,"column":0},"end":{"line":3230,"column":24}}},"60":{"name":"toObject","line":3248,"loc":{"start":{"line":3248,"column":0},"end":{"line":3248,"column":25}}},"61":{"name":"XRegExp","line":3295,"loc":{"start":{"line":3295,"column":0},"end":{"line":3295,"column":33}}},"62":{"name":"(anonymous_62)","line":3460,"loc":{"start":{"line":3460,"column":19},"end":{"line":3460,"column":53}}},"63":{"name":"(anonymous_63)","line":3509,"loc":{"start":{"line":3509,"column":16},"end":{"line":3509,"column":41}}},"64":{"name":"(anonymous_64)","line":3519,"loc":{"start":{"line":3519,"column":22},"end":{"line":3519,"column":42}}},"65":{"name":"(anonymous_65)","line":3541,"loc":{"start":{"line":3541,"column":17},"end":{"line":3541,"column":31}}},"66":{"name":"(anonymous_66)","line":3574,"loc":{"start":{"line":3574,"column":15},"end":{"line":3574,"column":49}}},"67":{"name":"(anonymous_67)","line":3648,"loc":{"start":{"line":3648,"column":18},"end":{"line":3648,"column":49}}},"68":{"name":"(anonymous_68)","line":3679,"loc":{"start":{"line":3679,"column":20},"end":{"line":3679,"column":36}}},"69":{"name":"(anonymous_69)","line":3703,"loc":{"start":{"line":3703,"column":18},"end":{"line":3703,"column":36}}},"70":{"name":"(anonymous_70)","line":3727,"loc":{"start":{"line":3727,"column":22},"end":{"line":3727,"column":40}}},"71":{"name":"(anonymous_71)","line":3745,"loc":{"start":{"line":3745,"column":19},"end":{"line":3745,"column":35}}},"72":{"name":"(anonymous_72)","line":3777,"loc":{"start":{"line":3777,"column":16},"end":{"line":3777,"column":44}}},"73":{"name":"(anonymous_73)","line":3835,"loc":{"start":{"line":3835,"column":21},"end":{"line":3835,"column":42}}},"74":{"name":"recurseChain","line":3836,"loc":{"start":{"line":3836,"column":12},"end":{"line":3836,"column":49}}},"75":{"name":"addMatch","line":3840,"loc":{"start":{"line":3840,"column":8},"end":{"line":3840,"column":33}}},"76":{"name":"(anonymous_76)","line":3914,"loc":{"start":{"line":3914,"column":18},"end":{"line":3914,"column":60}}},"77":{"name":"(anonymous_77)","line":3972,"loc":{"start":{"line":3972,"column":22},"end":{"line":3972,"column":50}}},"78":{"name":"(anonymous_78)","line":4010,"loc":{"start":{"line":4010,"column":16},"end":{"line":4010,"column":48}}},"79":{"name":"(anonymous_79)","line":4037,"loc":{"start":{"line":4037,"column":15},"end":{"line":4037,"column":49}}},"80":{"name":"(anonymous_80)","line":4062,"loc":{"start":{"line":4062,"column":20},"end":{"line":4062,"column":38}}},"81":{"name":"(anonymous_81)","line":4095,"loc":{"start":{"line":4095,"column":16},"end":{"line":4095,"column":51}}},"82":{"name":"rewrite","line":4102,"loc":{"start":{"line":4102,"column":4},"end":{"line":4102,"column":44}}},"83":{"name":"(anonymous_83)","line":4160,"loc":{"start":{"line":4160,"column":13},"end":{"line":4160,"column":27}}},"84":{"name":"(anonymous_84)","line":4178,"loc":{"start":{"line":4178,"column":67},"end":{"line":4178,"column":78}}},"85":{"name":"(anonymous_85)","line":4223,"loc":{"start":{"line":4223,"column":13},"end":{"line":4223,"column":27}}},"86":{"name":"(anonymous_86)","line":4238,"loc":{"start":{"line":4238,"column":14},"end":{"line":4238,"column":30}}},"87":{"name":"(anonymous_87)","line":4269,"loc":{"start":{"line":4269,"column":16},"end":{"line":4269,"column":46}}},"88":{"name":"(anonymous_88)","line":4289,"loc":{"start":{"line":4289,"column":58},"end":{"line":4289,"column":69}}},"89":{"name":"(anonymous_89)","line":4314,"loc":{"start":{"line":4314,"column":80},"end":{"line":4314,"column":91}}},"90":{"name":"(anonymous_90)","line":4317,"loc":{"start":{"line":4317,"column":77},"end":{"line":4317,"column":98}}},"91":{"name":"(anonymous_91)","line":4402,"loc":{"start":{"line":4402,"column":14},"end":{"line":4402,"column":41}}},"92":{"name":"(anonymous_92)","line":4424,"loc":{"start":{"line":4424,"column":36},"end":{"line":4424,"column":52}}},"93":{"name":"(anonymous_93)","line":4459,"loc":{"start":{"line":4459,"column":4},"end":{"line":4459,"column":27}}},"94":{"name":"(anonymous_94)","line":4482,"loc":{"start":{"line":4482,"column":4},"end":{"line":4482,"column":34}}},"95":{"name":"(anonymous_95)","line":4511,"loc":{"start":{"line":4511,"column":4},"end":{"line":4511,"column":20}}},"96":{"name":"(anonymous_96)","line":4543,"loc":{"start":{"line":4543,"column":4},"end":{"line":4543,"column":15}}},"97":{"name":"(anonymous_97)","line":4558,"loc":{"start":{"line":4558,"column":4},"end":{"line":4558,"column":20}}},"98":{"name":"(anonymous_98)","line":4582,"loc":{"start":{"line":4582,"column":4},"end":{"line":4582,"column":27}}},"99":{"name":"(anonymous_99)","line":4611,"loc":{"start":{"line":4611,"column":4},"end":{"line":4611,"column":20}}},"100":{"name":"(anonymous_100)","line":4636,"loc":{"start":{"line":4636,"column":4},"end":{"line":4636,"column":34}}}},"statementMap":{"1":{"start":{"line":1,"column":0},"end":{"line":4652,"column":3}},"2":{"start":{"line":1,"column":13},"end":{"line":1,"column":320}},"3":{"start":{"line":1,"column":72},"end":{"line":1,"column":90}},"4":{"start":{"line":1,"column":96},"end":{"line":1,"column":320}},"5":{"start":{"line":1,"column":139},"end":{"line":1,"column":151}},"6":{"start":{"line":1,"column":157},"end":{"line":1,"column":163}},"7":{"start":{"line":1,"column":163},"end":{"line":1,"column":304}},"8":{"start":{"line":1,"column":195},"end":{"line":1,"column":203}},"9":{"start":{"line":1,"column":209},"end":{"line":1,"column":304}},"10":{"start":{"line":1,"column":241},"end":{"line":1,"column":249}},"11":{"start":{"line":1,"column":255},"end":{"line":1,"column":304}},"12":{"start":{"line":1,"column":285},"end":{"line":1,"column":291}},"13":{"start":{"line":1,"column":297},"end":{"line":1,"column":303}},"14":{"start":{"line":1,"column":304},"end":{"line":1,"column":319}},"15":{"start":{"line":1,"column":334},"end":{"line":1,"column":360}},"16":{"start":{"line":1,"column":360},"end":{"line":4651,"column":17}},"17":{"start":{"line":1,"column":386},"end":{"line":1,"column":722}},"18":{"start":{"line":1,"column":402},"end":{"line":1,"column":702}},"19":{"start":{"line":1,"column":412},"end":{"line":1,"column":588}},"20":{"start":{"line":1,"column":422},"end":{"line":1,"column":464}},"21":{"start":{"line":1,"column":464},"end":{"line":1,"column":488}},"22":{"start":{"line":1,"column":473},"end":{"line":1,"column":488}},"23":{"start":{"line":1,"column":488},"end":{"line":1,"column":508}},"24":{"start":{"line":1,"column":493},"end":{"line":1,"column":508}},"25":{"start":{"line":1,"column":508},"end":{"line":1,"column":554}},"26":{"start":{"line":1,"column":554},"end":{"line":1,"column":587}},"27":{"start":{"line":1,"column":588},"end":{"line":1,"column":612}},"28":{"start":{"line":1,"column":612},"end":{"line":1,"column":701}},"29":{"start":{"line":1,"column":647},"end":{"line":1,"column":664}},"30":{"start":{"line":1,"column":664},"end":{"line":1,"column":679}},"31":{"start":{"line":1,"column":702},"end":{"line":1,"column":721}},"32":{"start":{"line":1,"column":722},"end":{"line":1,"column":764}},"33":{"start":{"line":1,"column":764},"end":{"line":1,"column":799}},"34":{"start":{"line":1,"column":791},"end":{"line":1,"column":799}},"35":{"start":{"line":1,"column":799},"end":{"line":1,"column":807}},"36":{"start":{"line":9,"column":0},"end":{"line":194,"column":2}},"37":{"start":{"line":12,"column":4},"end":{"line":12,"column":31}},"38":{"start":{"line":13,"column":4},"end":{"line":13,"column":81}},"39":{"start":{"line":14,"column":4},"end":{"line":16,"column":7}},"40":{"start":{"line":25,"column":4},"end":{"line":41,"column":5}},"41":{"start":{"line":28,"column":8},"end":{"line":28,"column":46}},"42":{"start":{"line":29,"column":8},"end":{"line":29,"column":47}},"43":{"start":{"line":31,"column":8},"end":{"line":38,"column":9}},"44":{"start":{"line":37,"column":12},"end":{"line":37,"column":82}},"45":{"start":{"line":40,"column":8},"end":{"line":40,"column":23}},"46":{"start":{"line":52,"column":4},"end":{"line":63,"column":5}},"47":{"start":{"line":53,"column":8},"end":{"line":53,"column":40}},"48":{"start":{"line":54,"column":8},"end":{"line":62,"column":34}},"49":{"start":{"line":90,"column":4},"end":{"line":192,"column":6}},"50":{"start":{"line":91,"column":8},"end":{"line":91,"column":28}},"51":{"start":{"line":95,"column":8},"end":{"line":95,"column":47}},"52":{"start":{"line":96,"column":8},"end":{"line":96,"column":58}},"53":{"start":{"line":98,"column":8},"end":{"line":100,"column":9}},"54":{"start":{"line":99,"column":12},"end":{"line":99,"column":68}},"55":{"start":{"line":102,"column":8},"end":{"line":102,"column":22}},"56":{"start":{"line":103,"column":8},"end":{"line":117,"column":9}},"57":{"start":{"line":104,"column":12},"end":{"line":116,"column":13}},"58":{"start":{"line":109,"column":16},"end":{"line":109,"column":55}},"59":{"start":{"line":110,"column":16},"end":{"line":115,"column":18}},"60":{"start":{"line":121,"column":8},"end":{"line":121,"column":58}},"61":{"start":{"line":124,"column":8},"end":{"line":124,"column":24}},"62":{"start":{"line":125,"column":8},"end":{"line":125,"column":25}},"63":{"start":{"line":126,"column":8},"end":{"line":126,"column":29}},"64":{"start":{"line":127,"column":8},"end":{"line":127,"column":31}},"65":{"start":{"line":128,"column":8},"end":{"line":128,"column":74}},"66":{"start":{"line":129,"column":8},"end":{"line":189,"column":11}},"67":{"start":{"line":130,"column":12},"end":{"line":130,"column":35}},"68":{"start":{"line":131,"column":12},"end":{"line":131,"column":24}},"69":{"start":{"line":132,"column":12},"end":{"line":132,"column":22}},"70":{"start":{"line":133,"column":12},"end":{"line":133,"column":30}},"71":{"start":{"line":135,"column":12},"end":{"line":170,"column":13}},"72":{"start":{"line":136,"column":16},"end":{"line":138,"column":17}},"73":{"start":{"line":137,"column":20},"end":{"line":137,"column":73}},"74":{"start":{"line":140,"column":16},"end":{"line":148,"column":17}},"75":{"start":{"line":141,"column":20},"end":{"line":141,"column":58}},"76":{"start":{"line":142,"column":20},"end":{"line":142,"column":61}},"77":{"start":{"line":145,"column":20},"end":{"line":145,"column":63}},"78":{"start":{"line":147,"column":20},"end":{"line":147,"column":34}},"79":{"start":{"line":149,"column":16},"end":{"line":149,"column":39}},"80":{"start":{"line":150,"column":16},"end":{"line":169,"column":25}},"81":{"start":{"line":152,"column":20},"end":{"line":167,"column":21}},"82":{"start":{"line":153,"column":24},"end":{"line":153,"column":78}},"83":{"start":{"line":154,"column":24},"end":{"line":154,"column":34}},"84":{"start":{"line":156,"column":24},"end":{"line":158,"column":25}},"85":{"start":{"line":157,"column":28},"end":{"line":157,"column":57}},"86":{"start":{"line":160,"column":27},"end":{"line":167,"column":21}},"87":{"start":{"line":161,"column":24},"end":{"line":161,"column":53}},"88":{"start":{"line":163,"column":24},"end":{"line":166,"column":61}},"89":{"start":{"line":168,"column":20},"end":{"line":168,"column":33}},"90":{"start":{"line":172,"column":12},"end":{"line":187,"column":13}},"91":{"start":{"line":173,"column":16},"end":{"line":173,"column":54}},"92":{"start":{"line":174,"column":16},"end":{"line":174,"column":57}},"93":{"start":{"line":176,"column":16},"end":{"line":178,"column":17}},"94":{"start":{"line":177,"column":20},"end":{"line":177,"column":49}},"95":{"start":{"line":180,"column":19},"end":{"line":187,"column":13}},"96":{"start":{"line":181,"column":16},"end":{"line":181,"column":40}},"97":{"start":{"line":183,"column":16},"end":{"line":186,"column":45}},"98":{"start":{"line":188,"column":12},"end":{"line":188,"column":22}},"99":{"start":{"line":191,"column":8},"end":{"line":191,"column":38}},"100":{"start":{"line":203,"column":0},"end":{"line":395,"column":2}},"101":{"start":{"line":211,"column":4},"end":{"line":218,"column":5}},"102":{"start":{"line":212,"column":8},"end":{"line":217,"column":10}},"103":{"start":{"line":270,"column":4},"end":{"line":393,"column":6}},"104":{"start":{"line":271,"column":8},"end":{"line":271,"column":28}},"105":{"start":{"line":272,"column":8},"end":{"line":272,"column":32}},"106":{"start":{"line":273,"column":8},"end":{"line":273,"column":45}},"107":{"start":{"line":274,"column":8},"end":{"line":274,"column":45}},"108":{"start":{"line":276,"column":8},"end":{"line":276,"column":49}},"109":{"start":{"line":277,"column":8},"end":{"line":277,"column":44}},"110":{"start":{"line":278,"column":8},"end":{"line":278,"column":36}},"111":{"start":{"line":279,"column":8},"end":{"line":279,"column":24}},"112":{"start":{"line":280,"column":8},"end":{"line":280,"column":27}},"113":{"start":{"line
[...]
4\\u2066-\\u2070\\u2074-\\u207E\\u2080-\\u208E\\u20A0-\\u20BE\\u2100-\\u2125\\u2127-\\u2129\\u212C-\\u2131\\u2133-\\u214D\\u214F-\\u215F\\u2189-\\u218B\\u2190-\\u23FE\\u2400-\\u2426\\u2440-\\u244A\\u2460-\\u27FF\\u2900-\\u2B73\\u2B76-\\u2B95\\u2B98-\\u2BB9\\u2BBD-\\u2BC8\\u2BCA-\\u2BD1\\u2BEC-\\u2BEF\\u2E00-\\u2E44\\u2FF0-\\u2FFB\\u3000-\\u3004\\u3006\\u3008-\\u3020\\u3030-\\u3037\\u303C-\\u303F\\u309B\\u309C\\u30A0\\u30FB\\u30FC\\u3190-\\u319F\\u31C0-\\u31E3\\u3220-\\u325F\\u327F-\\u32CF\\u3358-\\u33FF\\u4DC0-\\u4DFF\\uA700-\\uA721\\uA788-\\uA78A\\uA830-\\uA839\\uA92E\\uA9CF\\uAB5B\\uFD3E\\uFD3F\\uFE10-\\uFE19\\uFE30-\\uFE52\\uFE54-\\uFE66\\uFE68-\\uFE6B\\uFEFF\\uFF01-\\uFF20\\uFF3B-\\uFF40\\uFF5B-\\uFF65\\uFF70\\uFF9E\\uFF9F\\uFFE0-\\uFFE6\\uFFE8-\\uFFEE\\uFFF9-\\uFFFD',","            astral: '\\uD800[\\uDD00-\\uDD02\\uDD07-\\uDD33\\uDD37-\\uDD3F\\uDD90-\\uDD9B\\uDDD0-\\uDDFC\\uDEE1-\\uDEFB]|\\uD82F[\\uDCA0-\\uDCA3]|\\uD834[\\uDC00-\\uDCF5\\uDD00-\\uDD26\\uDD29-\\uDD66\\uDD6A-\\uDD7A\\uDD83\\uDD84\\uDD8C-\\uDDA9\\uDDAE-\\uDDE8\\uDF00-\\uDF56\\uDF60-\\uDF71]|\\uD835[\\uDC00-\\uDC54\\uDC56-\\uDC9C\\uDC9E\\uDC9F\\uDCA2\\uDCA5\\uDCA6\\uDCA9-\\uDCAC\\uDCAE-\\uDCB9\\uDCBB\\uDCBD-\\uDCC3\\uDCC5-\\uDD05\\uDD07-\\uDD0A\\uDD0D-\\uDD14\\uDD16-\\uDD1C\\uDD1E-\\uDD39\\uDD3B-\\uDD3E\\uDD40-\\uDD44\\uDD46\\uDD4A-\\uDD50\\uDD52-\\uDEA5\\uDEA8-\\uDFCB\\uDFCE-\\uDFFF]|\\uD83C[\\uDC00-\\uDC2B\\uDC30-\\uDC93\\uDCA0-\\uDCAE\\uDCB1-\\uDCBF\\uDCC1-\\uDCCF\\uDCD1-\\uDCF5\\uDD00-\\uDD0C\\uDD10-\\uDD2E\\uDD30-\\uDD6B\\uDD70-\\uDDAC\\uDDE6-\\uDDFF\\uDE01\\uDE02\\uDE10-\\uDE3B\\uDE40-\\uDE48\\uDE50\\uDE51\\uDF00-\\uDFFF]|\\uD83D[\\uDC00-\\uDED2\\uDEE0-\\uDEEC\\uDEF0-\\uDEF6\\uDF00-\\uDF73\\uDF80-\\uDFD4]|\\uD83E[\\uDC00-\\uDC0B\\uDC10-\\uDC47\\uDC50-\\uDC59\\uDC60-\\uDC87\\uDC90-\\uDCAD\\uDD10-\\uDD1E\\uDD20-\\uDD27\\uDD30\\uDD33-\\uDD3E\\uDD40-\\uDD4B\\uDD50-\\uDD5E\\uDD80-\\uDD91\\uDDC0]|\\uDB40[\\uDC01\\uDC20-\\uDC7F]'","        },","        {","            name: 'Coptic',","            bmp: '\\u03E2-\\u03EF\\u2C80-\\u2CF3\\u2CF9-\\u2CFF'","        },","        {","            name: 'Cuneiform',","            astral: '\\uD808[\\uDC00-\\uDF99]|\\uD809[\\uDC00-\\uDC6E\\uDC70-\\uDC74\\uDC80-\\uDD43]'","        },","        {","            name: 'Cypriot',","            astral: '\\uD802[\\uDC00-\\uDC05\\uDC08\\uDC0A-\\uDC35\\uDC37\\uDC38\\uDC3C\\uDC3F]'","        },","        {","            name: 'Cyrillic',","            bmp: '\\u0400-\\u0484\\u0487-\\u052F\\u1C80-\\u1C88\\u1D2B\\u1D78\\u2DE0-\\u2DFF\\uA640-\\uA69F\\uFE2E\\uFE2F'","        },","        {","            name: 'Deseret',","            astral: '\\uD801[\\uDC00-\\uDC4F]'","        },","        {","            name: 'Devanagari',","            bmp: '\\u0900-\\u0950\\u0953-\\u0963\\u0966-\\u097F\\uA8E0-\\uA8FD'","        },","        {","            name: 'Duployan',","            astral: '\\uD82F[\\uDC00-\\uDC6A\\uDC70-\\uDC7C\\uDC80-\\uDC88\\uDC90-\\uDC99\\uDC9C-\\uDC9F]'","        },","        {","            name: 'Egyptian_Hieroglyphs',","            astral: '\\uD80C[\\uDC00-\\uDFFF]|\\uD80D[\\uDC00-\\uDC2E]'","        },","        {","            name: 'Elbasan',","            astral: '\\uD801[\\uDD00-\\uDD27]'","        },","        {","            name: 'Ethiopic',","            bmp: '\\u1200-\\u1248\\u124A-\\u124D\\u1250-\\u1256\\u1258\\u125A-\\u125D\\u1260-\\u1288\\u128A-\\u128D\\u1290-\\u12B0\\u12B2-\\u12B5\\u12B8-\\u12BE\\u12C0\\u12C2-\\u12C5\\u12C8-\\u12D6\\u12D8-\\u1310\\u1312-\\u1315\\u1318-\\u135A\\u135D-\\u137C\\u1380-\\u1399\\u2D80-\\u2D96\\u2DA0-\\u2DA6\\u2DA8-\\u2DAE\\u2DB0-\\u2DB6\\u2DB8-\\u2DBE\\u2DC0-\\u2DC6\\u2DC8-\\u2DCE\\u2DD0-\\u2DD6\\u2DD8-\\u2DDE\\uAB01-\\uAB06\\uAB09-\\uAB0E\\uAB11-\\uAB16\\uAB20-\\uAB26\\uAB28-\\uAB2E'","        },","        {","            name: 'Georgian',","            bmp: '\\u10A0-\\u10C5\\u10C7\\u10CD\\u10D0-\\u10FA\\u10FC-\\u10FF\\u2D00-\\u2D25\\u2D27\\u2D2D'","        },","        {","            name: 'Glagolitic',","            bmp: '\\u2C00-\\u2C2E\\u2C30-\\u2C5E',","            astral: '\\uD838[\\uDC00-\\uDC06\\uDC08-\\uDC18\\uDC1B-\\uDC21\\uDC23\\uDC24\\uDC26-\\uDC2A]'","        },","        {","            name: 'Gothic',","            astral: '\\uD800[\\uDF30-\\uDF4A]'","        },","        {","            name: 'Grantha',","            astral: '\\uD804[\\uDF00-\\uDF03\\uDF05-\\uDF0C\\uDF0F\\uDF10\\uDF13-\\uDF28\\uDF2A-\\uDF30\\uDF32\\uDF33\\uDF35-\\uDF39\\uDF3C-\\uDF44\\uDF47\\uDF48\\uDF4B-\\uDF4D\\uDF50\\uDF57\\uDF5D-\\uDF63\\uDF66-\\uDF6C\\uDF70-\\uDF74]'","        },","        {","            name: 'Greek',","            bmp: '\\u0370-\\u0373\\u0375-\\u0377\\u037A-\\u037D\\u037F\\u0384\\u0386\\u0388-\\u038A\\u038C\\u038E-\\u03A1\\u03A3-\\u03E1\\u03F0-\\u03FF\\u1D26-\\u1D2A\\u1D5D-\\u1D61\\u1D66-\\u1D6A\\u1DBF\\u1F00-\\u1F15\\u1F18-\\u1F1D\\u1F20-\\u1F45\\u1F48-\\u1F4D\\u1F50-\\u1F57\\u1F59\\u1F5B\\u1F5D\\u1F5F-\\u1F7D\\u1F80-\\u1FB4\\u1FB6-\\u1FC4\\u1FC6-\\u1FD3\\u1FD6-\\u1FDB\\u1FDD-\\u1FEF\\u1FF2-\\u1FF4\\u1FF6-\\u1FFE\\u2126\\uAB65',","            astral: '\\uD800[\\uDD40-\\uDD8E\\uDDA0]|\\uD834[\\uDE00-\\uDE45]'","        },","        {","            name: 'Gujarati',","            bmp: '\\u0A81-\\u0A83\\u0A85-\\u0A8D\\u0A8F-\\u0A91\\u0A93-\\u0AA8\\u0AAA-\\u0AB0\\u0AB2\\u0AB3\\u0AB5-\\u0AB9\\u0ABC-\\u0AC5\\u0AC7-\\u0AC9\\u0ACB-\\u0ACD\\u0AD0\\u0AE0-\\u0AE3\\u0AE6-\\u0AF1\\u0AF9'","        },","        {","            name: 'Gurmukhi',","            bmp: '\\u0A01-\\u0A03\\u0A05-\\u0A0A\\u0A0F\\u0A10\\u0A13-\\u0A28\\u0A2A-\\u0A30\\u0A32\\u0A33\\u0A35\\u0A36\\u0A38\\u0A39\\u0A3C\\u0A3E-\\u0A42\\u0A47\\u0A48\\u0A4B-\\u0A4D\\u0A51\\u0A59-\\u0A5C\\u0A5E\\u0A66-\\u0A75'","        },","        {","            name: 'Han',","            bmp: '\\u2E80-\\u2E99\\u2E9B-\\u2EF3\\u2F00-\\u2FD5\\u3005\\u3007\\u3021-\\u3029\\u3038-\\u303B\\u3400-\\u4DB5\\u4E00-\\u9FD5\\uF900-\\uFA6D\\uFA70-\\uFAD9',","            astral: '[\\uD840-\\uD868\\uD86A-\\uD86C\\uD86F-\\uD872][\\uDC00-\\uDFFF]|\\uD869[\\uDC00-\\uDED6\\uDF00-\\uDFFF]|\\uD86D[\\uDC00-\\uDF34\\uDF40-\\uDFFF]|\\uD86E[\\uDC00-\\uDC1D\\uDC20-\\uDFFF]|\\uD873[\\uDC00-\\uDEA1]|\\uD87E[\\uDC00-\\uDE1D]'","        },","        {","            name: 'Hangul',","            bmp: '\\u1100-\\u11FF\\u302E\\u302F\\u3131-\\u318E\\u3200-\\u321E\\u3260-\\u327E\\uA960-\\uA97C\\uAC00-\\uD7A3\\uD7B0-\\uD7C6\\uD7CB-\\uD7FB\\uFFA0-\\uFFBE\\uFFC2-\\uFFC7\\uFFCA-\\uFFCF\\uFFD2-\\uFFD7\\uFFDA-\\uFFDC'","        },","        {","            name: 'Hanunoo',","            bmp: '\\u1720-\\u1734'","        },","        {","            name: 'Hatran',","            astral: '\\uD802[\\uDCE0-\\uDCF2\\uDCF4\\uDCF5\\uDCFB-\\uDCFF]'","        },","        {","            name: 'Hebrew',","            bmp: '\\u0591-\\u05C7\\u05D0-\\u05EA\\u05F0-\\u05F4\\uFB1D-\\uFB36\\uFB38-\\uFB3C\\uFB3E\\uFB40\\uFB41\\uFB43\\uFB44\\uFB46-\\uFB4F'","        },","        {","            name: 'Hiragana',","            bmp: '\\u3041-\\u3096\\u309D-\\u309F',","            astral: '\\uD82C\\uDC01|\\uD83C\\uDE00'","        },","        {","            name: 'Imperial_Aramaic',","            astral: '\\uD802[\\uDC40-\\uDC55\\uDC57-\\uDC5F]'","        },","        {","            name: 'Inherited',","            bmp: '\\u0300-\\u036F\\u0485\\u0486\\u064B-\\u0655\\u0670\\u0951\\u0952\\u1AB0-\\u1ABE\\u1CD0-\\u1CD2\\u1CD4-\\u1CE0\\u1CE2-\\u1CE8\\u1CED\\u1CF4\\u1CF8\\u1CF9\\u1DC0-\\u1DF5\\u1DFB-\\u1DFF\\u200C\\u200D\\u20D0-\\u20F0\\u302A-\\u302D\\u3099\\u309A\\uFE00-\\uFE0F\\uFE20-\\uFE2D',","            astral: '\\uD800[\\uDDFD\\uDEE0]|\\uD834[\\uDD67-\\uDD69\\uDD7B-\\uDD82\\uDD85-\\uDD8B\\uDDAA-\\uDDAD]|\\uDB40[\\uDD00-\\uDDEF]'","        },","        {","            name: 'Inscriptional_Pahlavi',","            astral: '\\uD802[\\uDF60-\\uDF72\\uDF78-\\uDF7F]'","        },","        {","            name: 'Inscriptional_Parthian',","            astral: '\\uD802[\\uDF40-\\uDF55\\uDF58-\\uDF5F]'","        },","        {","            name: 'Javanese',","            bmp: '\\uA980-\\uA9CD\\uA9D0-\\uA9D9\\uA9DE\\uA9DF'","        },","        {","            name: 'Kaithi',","            astral: '\\uD804[\\uDC80-\\uDCC1]'","        },","        {","            name: 'Kannada',","            bmp: '\\u0C80-\\u0C83\\u0C85-\\u0C8C\\u0C8E-\\u0C90\\u0C92-\\u0CA8\\u0CAA-\\u0CB3\\u0CB5-\\u0CB9\\u0CBC-\\u0CC4\\u0CC6-\\u0CC8\\u0CCA-\\u0CCD\\u0CD5\\u0CD6\\u0CDE\\u0CE0-\\u0CE3\\u0CE6-\\u0CEF\\u0CF1\\u0CF2'","        },","        {","            name: 'Katakana',","            bmp: '\\u30A1-\\u30FA\\u30FD-\\u30FF\\u31F0-\\u31FF\\u32D0-\\u32FE\\u3300-\\u3357\\uFF66-\\uFF6F\\uFF71-\\uFF9D',","            astral: '\\uD82C\\uDC00'","        },","        {","            name: 'Kayah_Li',","            bmp: '\\uA900-\\uA92D\\uA92F'","        },","        {","            name: 'Kharoshthi',","            astral: '\\uD802[\\uDE00-\\uDE03\\uDE05\\uDE06\\uDE0C-\\uDE13\\uDE15-\\uDE17\\uDE19-\\uDE33\\uDE38-\\uDE3A\\uDE3F-\\uDE47\\uDE50-\\uDE58]'","        },","        {","            name: 'Khmer',","            bmp: '\\u1780-\\u17DD\\u17E0-\\u17E9\\u17F0-\\u17F9\\u19E0-\\u19FF'","        },","        {","            name: 'Khojki',","            astral: '\\uD804[\\uDE00-\\uDE11\\uDE13-\\uDE3E]'","        },","        {","            name: 'Khudawadi',","            astral: '\\uD804[\\uDEB0-\\uDEEA\\uDEF0-\\uDEF9]'","        },","        {","            name: 'Lao',","            bmp: '\\u0E81\\u0E82\\u0E84\\u0E87\\u0E88\\u0E8A\\u0E8D\\u0E94-\\u0E97\\u0E99-\\u0E9F\\u0EA1-\\u0EA3\\u0EA5\\u0EA7\\u0EAA\\u0EAB\\u0EAD-\\u0EB9\\u0EBB-\\u0EBD\\u0EC0-\\u0EC4\\u0EC6\\u0EC8-\\u0ECD\\u0ED0-\\u0ED9\\u0EDC-\\u0EDF'","        },","        {","            name: 'Latin',","            bmp: 'A-Za-z\\xAA\\xBA\\xC0-\\xD6\\xD8-\\xF6\\xF8-\\u02B8\\u02E0-\\u02E4\\u1D00-\\u1D25\\u1D2C-\\u1D5C\\u1D62-\\u1D65\\u1D6B-\\u1D77\\u1D79-\\u1DBE\\u1E00-\\u1EFF\\u2071\\u207F\\u2090-\\u209C\\u212A\\u212B\\u2132\\u214E\\u2160-\\u2188\\u2C60-\\u2C7F\\uA722-\\uA787\\uA78B-\\uA7AE\\uA7B0-\\uA7B7\\uA7F7-\\uA7FF\\uAB30-\\uAB5A\\uAB5C-\\uAB64\\uFB00-\\uFB06\\uFF21-\\uFF3A\\uFF41-\\uFF5A'","        },","        {","            name: 'Lepcha',","            bmp: '\\u1C00-\\u1C37\\u1C3B-\\u1C49\\u1C4D-\\u1C4F'","        },","        {","            name: 'Limbu',","            bmp: '\\u1900-\\u191E\\u1920-\\u192B\\u1930-\\u193B\\u1940\\u1944-\\u194F'","        },","        {","            name: 'Linear_A',","            astral: '\\uD801[\\uDE00-\\uDF36\\uDF40-\\uDF55\\uDF60-\\uDF67]'","        },","        {","            name: 'Linear_B',","            astral: '\\uD800[\\uDC00-\\uDC0B\\uDC0D-\\uDC26\\uDC28-\\uDC3A\\uDC3C\\uDC3D\\uDC3F-\\uDC4D\\uDC50-\\uDC5D\\uDC80-\\uDCFA]'","        },","        {","            name: 'Lisu',","            bmp: '\\uA4D0-\\uA4FF'","        },","        {","            name: 'Lycian',","            astral: '\\uD800[\\uDE80-\\uDE9C]'","        },","        {","            name: 'Lydian',","            astral: '\\uD802[\\uDD20-\\uDD39\\uDD3F]'","        },","        {","            name: 'Mahajani',","            astral: '\\uD804[\\uDD50-\\uDD76]'","        },","        {","            name: 'Malayalam',","            bmp: '\\u0D01-\\u0D03\\u0D05-\\u0D0C\\u0D0E-\\u0D10\\u0D12-\\u0D3A\\u0D3D-\\u0D44\\u0D46-\\u0D48\\u0D4A-\\u0D4F\\u0D54-\\u0D63\\u0D66-\\u0D7F'","        },","        {","            name: 'Mandaic',","            bmp: '\\u0840-\\u085B\\u085E'","        },","        {","            name: 'Manichaean',","            astral: '\\uD802[\\uDEC0-\\uDEE6\\uDEEB-\\uDEF6]'","        },","        {","            name: 'Marchen',","            astral: '\\uD807[\\uDC70-\\uDC8F\\uDC92-\\uDCA7\\uDCA9-\\uDCB6]'","        },","        {","            name: 'Meetei_Mayek',","            bmp: '\\uAAE0-\\uAAF6\\uABC0-\\uABED\\uABF0-\\uABF9'","        },","        {","            name: 'Mende_Kikakui',","            astral: '\\uD83A[\\uDC00-\\uDCC4\\uDCC7-\\uDCD6]'","        },","        {","            name: 'Meroitic_Cursive',","            astral: '\\uD802[\\uDDA0-\\uDDB7\\uDDBC-\\uDDCF\\uDDD2-\\uDDFF]'","        },","        {","            name: 'Meroitic_Hieroglyphs',","            astral: '\\uD802[\\uDD80-\\uDD9F]'","        },","        {","            name: 'Miao',","            astral: '\\uD81B[\\uDF00-\\uDF44\\uDF50-\\uDF7E\\uDF8F-\\uDF9F]'","        },","        {","            name: 'Modi',","            astral: '\\uD805[\\uDE00-\\uDE44\\uDE50-\\uDE59]'","        },","        {","            name: 'Mongolian',","            bmp: '\\u1800\\u1801\\u1804\\u1806-\\u180E\\u1810-\\u1819\\u1820-\\u1877\\u1880-\\u18AA',","            astral: '\\uD805[\\uDE60-\\uDE6C]'","        },","        {","            name: 'Mro',","            astral: '\\uD81A[\\uDE40-\\uDE5E\\uDE60-\\uDE69\\uDE6E\\uDE6F]'","        },","        {","            name: 'Multani',","            astral: '\\uD804[\\uDE80-\\uDE86\\uDE88\\uDE8A-\\uDE8D\\uDE8F-\\uDE9D\\uDE9F-\\uDEA9]'","        },","        {","            name: 'Myanmar',","            bmp: '\\u1000-\\u109F\\uA9E0-\\uA9FE\\uAA60-\\uAA7F'","        },","        {","            name: 'Nabataean',","            astral: '\\uD802[\\uDC80-\\uDC9E\\uDCA7-\\uDCAF]'","        },","        {","            name: 'New_Tai_Lue',","            bmp: '\\u1980-\\u19AB\\u19B0-\\u19C9\\u19D0-\\u19DA\\u19DE\\u19DF'","        },","        {","            name: 'Newa',","            astral: '\\uD805[\\uDC00-\\uDC59\\uDC5B\\uDC5D]'","        },","        {","            name: 'Nko',","            bmp: '\\u07C0-\\u07FA'","        },","        {","            name: 'Ogham',","            bmp: '\\u1680-\\u169C'","        },","        {","            name: 'Ol_Chiki',","            bmp: '\\u1C50-\\u1C7F'","        },","        {","            name: 'Old_Hungarian',","            astral: '\\uD803[\\uDC80-\\uDCB2\\uDCC0-\\uDCF2\\uDCFA-\\uDCFF]'","        },","        {","            name: 'Old_Italic',","            astral: '\\uD800[\\uDF00-\\uDF23]'","        },","        {","            name: 'Old_North_Arabian',","            astral: '\\uD802[\\uDE80-\\uDE9F]'","        },","        {","            name: 'Old_Permic',","            astral: '\\uD800[\\uDF50-\\uDF7A]'","        },","        {","            name: 'Old_Persian',","            astral: '\\uD800[\\uDFA0-\\uDFC3\\uDFC8-\\uDFD5]'","        },","        {","            name: 'Old_South_Arabian',","            astral: '\\uD802[\\uDE60-\\uDE7F]'","        },","        {","            name: 'Old_Turkic',","            astral: '\\uD803[\\uDC00-\\uDC48]'","        },","        {","            name: 'Oriya',","            bmp: '\\u0B01-\\u0B03\\u0B05-\\u0B0C\\u0B0F\\u0B10\\u0B13-\\u0B28\\u0B2A-\\u0B30\\u0B32\\u0B33\\u0B35-\\u0B39\\u0B3C-\\u0B44\\u0B47\\u0B48\\u0B4B-\\u0B4D\\u0B56\\u0B57\\u0B5C\\u0B5D\\u0B5F-\\u0B63\\u0B66-\\u0B77'","        },","        {","            name: 'Osage',","            astral: '\\uD801[\\uDCB0-\\uDCD3\\uDCD8-\\uDCFB]'","        },","        {","            name: 'Osmanya',","            astral: '\\uD801[\\uDC80-\\uDC9D\\uDCA0-\\uDCA9]'","        },","        {","            name: 'Pahawh_Hmong',","            astral: '\\uD81A[\\uDF00-\\uDF45\\uDF50-\\uDF59\\uDF5B-\\uDF61\\uDF63-\\uDF77\\uDF7D-\\uDF8F]'","        },","        {","            name: 'Palmyrene',","            astral: '\\uD802[\\uDC60-\\uDC7F]'","        },","        {","            name: 'Pau_Cin_Hau',","            astral: '\\uD806[\\uDEC0-\\uDEF8]'","        },","        {","            name: 'Phags_Pa',","            bmp: '\\uA840-\\uA877'","        },","        {","            name: 'Phoenician',","            astral: '\\uD802[\\uDD00-\\uDD1B\\uDD1F]'","        },","        {","            name: 'Psalter_Pahlavi',","            astral: '\\uD802[\\uDF80-\\uDF91\\uDF99-\\uDF9C\\uDFA9-\\uDFAF]'","        },","        {","            name: 'Rejang',","            bmp: '\\uA930-\\uA953\\uA95F'","        },","        {","            name: 'Runic',","            bmp: '\\u16A0-\\u16EA\\u16EE-\\u16F8'","        },","        {","            name: 'Samaritan',","            bmp: '\\u0800-\\u082D\\u0830-\\u083E'","        },","        {","            name: 'Saurashtra',","            bmp: '\\uA880-\\uA8C5\\uA8CE-\\uA8D9'","        },","        {","            name: 'Sharada',","            astral: '\\uD804[\\uDD80-\\uDDCD\\uDDD0-\\uDDDF]'","        },","        {","            name: 'Shavian',","            astral: '\\uD801[\\uDC50-\\uDC7F]'","        },","        {","            name: 'Siddham',","            astral: '\\uD805[\\uDD80-\\uDDB5\\uDDB8-\\uDDDD]'","        },","        {","            name: 'SignWriting',","            astral: '\\uD836[\\uDC00-\\uDE8B\\uDE9B-\\uDE9F\\uDEA1-\\uDEAF]'","        },","        {","            name: 'Sinhala',","            bmp: '\\u0D82\\u0D83\\u0D85-\\u0D96\\u0D9A-\\u0DB1\\u0DB3-\\u0DBB\\u0DBD\\u0DC0-\\u0DC6\\u0DCA\\u0DCF-\\u0DD4\\u0DD6\\u0DD8-\\u0DDF\\u0DE6-\\u0DEF\\u0DF2-\\u0DF4',","            astral: '\\uD804[\\uDDE1-\\uDDF4]'","        },","        {","            name: 'Sora_Sompeng',","            astral: '\\uD804[\\uDCD0-\\uDCE8\\uDCF0-\\uDCF9]'","        },","        {","            name: 'Sundanese',","            bmp: '\\u1B80-\\u1BBF\\u1CC0-\\u1CC7'","        },","        {","            name: 'Syloti_Nagri',","            bmp: '\\uA800-\\uA82B'","        },","        {","            name: 'Syriac',","            bmp: '\\u0700-\\u070D\\u070F-\\u074A\\u074D-\\u074F'","        },","        {","            name: 'Tagalog',","            bmp: '\\u1700-\\u170C\\u170E-\\u1714'","        },","        {","            name: 'Tagbanwa',","            bmp: '\\u1760-\\u176C\\u176E-\\u1770\\u1772\\u1773'","        },","        {","            name: 'Tai_Le',","            bmp: '\\u1950-\\u196D\\u1970-\\u1974'","        },","        {","            name: 'Tai_Tham',","            bmp: '\\u1A20-\\u1A5E\\u1A60-\\u1A7C\\u1A7F-\\u1A89\\u1A90-\\u1A99\\u1AA0-\\u1AAD'","        },","        {","            name: 'Tai_Viet',","            bmp: '\\uAA80-\\uAAC2\\uAADB-\\uAADF'","        },","        {","            name: 'Takri',","            astral: '\\uD805[\\uDE80-\\uDEB7\\uDEC0-\\uDEC9]'","        },","        {","            name: 'Tamil',","            bmp: '\\u0B82\\u0B83\\u0B85-\\u0B8A\\u0B8E-\\u0B90\\u0B92-\\u0B95\\u0B99\\u0B9A\\u0B9C\\u0B9E\\u0B9F\\u0BA3\\u0BA4\\u0BA8-\\u0BAA\\u0BAE-\\u0BB9\\u0BBE-\\u0BC2\\u0BC6-\\u0BC8\\u0BCA-\\u0BCD\\u0BD0\\u0BD7\\u0BE6-\\u0BFA'","        },","        {","            name: 'Tangut',","            astral: '\\uD81B\\uDFE0|[\\uD81C-\\uD820][\\uDC00-\\uDFFF]|\\uD821[\\uDC00-\\uDFEC]|\\uD822[\\uDC00-\\uDEF2]'","        },","        {","            name: 'Telugu',","            bmp: '\\u0C00-\\u0C03\\u0C05-\\u0C0C\\u0C0E-\\u0C10\\u0C12-\\u0C28\\u0C2A-\\u0C39\\u0C3D-\\u0C44\\u0C46-\\u0C48\\u0C4A-\\u0C4D\\u0C55\\u0C56\\u0C58-\\u0C5A\\u0C60-\\u0C63\\u0C66-\\u0C6F\\u0C78-\\u0C7F'","        },","        {","            name: 'Thaana',","            bmp: '\\u0780-\\u07B1'","        },","        {","            name: 'Thai',","            bmp: '\\u0E01-\\u0E3A\\u0E40-\\u0E5B'","        },","        {","            name: 'Tibetan',","            bmp: '\\u0F00-\\u0F47\\u0F49-\\u0F6C\\u0F71-\\u0F97\\u0F99-\\u0FBC\\u0FBE-\\u0FCC\\u0FCE-\\u0FD4\\u0FD9\\u0FDA'","        },","        {","            name: 'Tifinagh',","            bmp: '\\u2D30-\\u2D67\\u2D6F\\u2D70\\u2D7F'","        },","        {","            name: 'Tirhuta',","            astral: '\\uD805[\\uDC80-\\uDCC7\\uDCD0-\\uDCD9]'","        },","        {","            name: 'Ugaritic',","            astral: '\\uD800[\\uDF80-\\uDF9D\\uDF9F]'","        },","        {","            name: 'Vai',","            bmp: '\\uA500-\\uA62B'","        },","        {","            name: 'Warang_Citi',","            astral: '\\uD806[\\uDCA0-\\uDCF2\\uDCFF]'","        },","        {","            name: 'Yi',","            bmp: '\\uA000-\\uA48C\\uA490-\\uA4C6'","        }","    ]);","","};",""],"l":{"8":1,"20":1,"21":0,"24":1}}}